CRITICAL - 2024-06-07 00:16:57 --> Call to undefined method App\Models\Categoria_model::eliminarUsuario
in SYSTEMPATH\Model.php on line 842.
 1 APPPATH\Controllers\Admin_controller.php(143): CodeIgniter\Model->__call('eliminarUsuario', [...])
 2 SYSTEMPATH\CodeIgniter.php(934): App\Controllers\Admin_controller->eliminarUsuario('1')
 3 SYSTEMPATH\CodeIgniter.php(499): CodeIgniter\CodeIgniter->runController(Object(App\Controllers\Admin_controller))
 4 SYSTEMPATH\CodeIgniter.php(368): CodeIgniter\CodeIgniter->handleRequest(null, Object(Config\Cache), false)
 5 FCPATH\index.php(67): CodeIgniter\CodeIgniter->run()
CRITICAL - 2024-06-07 00:18:04 --> Call to undefined method App\Models\Usuarios_model::eliminarUsuario
in SYSTEMPATH\Model.php on line 842.
 1 APPPATH\Controllers\Admin_controller.php(143): CodeIgniter\Model->__call('eliminarUsuario', [...])
 2 SYSTEMPATH\CodeIgniter.php(934): App\Controllers\Admin_controller->eliminarUsuario('1')
 3 SYSTEMPATH\CodeIgniter.php(499): CodeIgniter\CodeIgniter->runController(Object(App\Controllers\Admin_controller))
 4 SYSTEMPATH\CodeIgniter.php(368): CodeIgniter\CodeIgniter->handleRequest(null, Object(Config\Cache), false)
 5 FCPATH\index.php(67): CodeIgniter\CodeIgniter->run()
CRITICAL - 2024-06-07 00:55:27 --> Undefined variable $products
in APPPATH\Controllers\Producto_controller.php on line 138.
 1 APPPATH\Controllers\Producto_controller.php(138): CodeIgniter\Debug\Exceptions->errorHandler(2, 'Undefined variable $products', 'APPPATH\\Controllers\\Producto_controller.php', 138)
 2 SYSTEMPATH\CodeIgniter.php(934): App\Controllers\Producto_controller->mostrarProductos()
 3 SYSTEMPATH\CodeIgniter.php(499): CodeIgniter\CodeIgniter->runController(Object(App\Controllers\Producto_controller))
 4 SYSTEMPATH\CodeIgniter.php(368): CodeIgniter\CodeIgniter->handleRequest(null, Object(Config\Cache), false)
 5 FCPATH\index.php(67): CodeIgniter\CodeIgniter->run()
CRITICAL - 2024-06-07 01:00:28 --> Undefined variable $totalProducts
in APPPATH\Views\Catalogo.php on line 69.
 1 APPPATH\Views\Catalogo.php(69): CodeIgniter\Debug\Exceptions->errorHandler(2, 'Undefined variable $totalProducts', 'APPPATH\\Views\\Catalogo.php', 69)
 2 SYSTEMPATH\View\View.php(213): include('APPPATH\\Views\\Catalogo.php')
 3 SYSTEMPATH\View\View.php(216): CodeIgniter\View\View->CodeIgniter\View\{closure}()
 4 SYSTEMPATH\Common.php(1184): CodeIgniter\View\View->render('Catalogo', [], true)
 5 APPPATH\Controllers\Producto_controller.php(184): view('Catalogo', [...])
 6 SYSTEMPATH\CodeIgniter.php(934): App\Controllers\Producto_controller->mostrarProductos()
 7 SYSTEMPATH\CodeIgniter.php(499): CodeIgniter\CodeIgniter->runController(Object(App\Controllers\Producto_controller))
 8 SYSTEMPATH\CodeIgniter.php(368): CodeIgniter\CodeIgniter->handleRequest(null, Object(Config\Cache), false)
 9 FCPATH\index.php(67): CodeIgniter\CodeIgniter->run()
CRITICAL - 2024-06-07 01:17:06 --> syntax error, unexpected variable "$routes"
in APPPATH\Config\Routes.php on line 122.
 1 SYSTEMPATH\CodeIgniter.php(802): CodeIgniter\Router\RouteCollection->loadRoutes()
 2 SYSTEMPATH\CodeIgniter.php(449): CodeIgniter\CodeIgniter->tryToRouteIt(null)
 3 SYSTEMPATH\CodeIgniter.php(368): CodeIgniter\CodeIgniter->handleRequest(null, Object(Config\Cache), false)
 4 FCPATH\index.php(67): CodeIgniter\CodeIgniter->run()
CRITICAL - 2024-06-07 01:19:10 --> syntax error, unexpected variable "$routes"
in APPPATH\Config\Routes.php on line 122.
 1 SYSTEMPATH\CodeIgniter.php(802): CodeIgniter\Router\RouteCollection->loadRoutes()
 2 SYSTEMPATH\CodeIgniter.php(449): CodeIgniter\CodeIgniter->tryToRouteIt(null)
 3 SYSTEMPATH\CodeIgniter.php(368): CodeIgniter\CodeIgniter->handleRequest(null, Object(Config\Cache), false)
 4 FCPATH\index.php(67): CodeIgniter\CodeIgniter->run()
CRITICAL - 2024-06-07 04:18:55 --> Call to undefined method App\Models\Producto_model::cointAllResults
in SYSTEMPATH\Model.php on line 842.
 1 APPPATH\Controllers\Producto_controller.php(161): CodeIgniter\Model->__call('cointAllResults', [...])
 2 SYSTEMPATH\CodeIgniter.php(934): App\Controllers\Producto_controller->mostrarProductos()
 3 SYSTEMPATH\CodeIgniter.php(499): CodeIgniter\CodeIgniter->runController(Object(App\Controllers\Producto_controller))
 4 SYSTEMPATH\CodeIgniter.php(368): CodeIgniter\CodeIgniter->handleRequest(null, Object(Config\Cache), false)
 5 FCPATH\index.php(67): CodeIgniter\CodeIgniter->run()
CRITICAL - 2024-06-07 04:29:49 --> Call to undefined method CodeIgniter\Pager\Pager::withBaseUrl()
in APPPATH\Views\Catalogo.php on line 59.
 1 SYSTEMPATH\View\View.php(213): include()
 2 SYSTEMPATH\View\View.php(216): CodeIgniter\View\View->CodeIgniter\View\{closure}()
 3 SYSTEMPATH\Common.php(1184): CodeIgniter\View\View->render('Catalogo', [], true)
 4 APPPATH\Controllers\Producto_controller.php(168): view('Catalogo', [...])
 5 SYSTEMPATH\CodeIgniter.php(934): App\Controllers\Producto_controller->mostrarProductos()
 6 SYSTEMPATH\CodeIgniter.php(499): CodeIgniter\CodeIgniter->runController(Object(App\Controllers\Producto_controller))
 7 SYSTEMPATH\CodeIgniter.php(368): CodeIgniter\CodeIgniter->handleRequest(null, Object(Config\Cache), false)
 8 FCPATH\index.php(67): CodeIgniter\CodeIgniter->run()
CRITICAL - 2024-06-07 04:30:54 --> "bootstrap_pagination" is not a valid Pager template.
in SYSTEMPATH\Pager\Pager.php on line 120.
 1 SYSTEMPATH\Pager\Pager.php(120): CodeIgniter\Pager\Exceptions\PagerException::forInvalidTemplate('bootstrap_pagination')
 2 SYSTEMPATH\Pager\Pager.php(83): CodeIgniter\Pager\Pager->displayLinks('default', 'bootstrap_pagination')
 3 APPPATH\Views\Catalogo.php(59): CodeIgniter\Pager\Pager->links('default', 'bootstrap_pagination')
 4 SYSTEMPATH\View\View.php(213): include('APPPATH\\Views\\Catalogo.php')
 5 SYSTEMPATH\View\View.php(216): CodeIgniter\View\View->CodeIgniter\View\{closure}()
 6 SYSTEMPATH\Common.php(1184): CodeIgniter\View\View->render('Catalogo', [], true)
 7 APPPATH\Controllers\Producto_controller.php(168): view('Catalogo', [...])
 8 SYSTEMPATH\CodeIgniter.php(934): App\Controllers\Producto_controller->mostrarProductos()
 9 SYSTEMPATH\CodeIgniter.php(499): CodeIgniter\CodeIgniter->runController(Object(App\Controllers\Producto_controller))
10 SYSTEMPATH\CodeIgniter.php(368): CodeIgniter\CodeIgniter->handleRequest(null, Object(Config\Cache), false)
11 FCPATH\index.php(67): CodeIgniter\CodeIgniter->run()
CRITICAL - 2024-06-07 04:31:09 --> "default" is not a valid Pager template.
in SYSTEMPATH\Pager\Pager.php on line 120.
 1 SYSTEMPATH\Pager\Pager.php(120): CodeIgniter\Pager\Exceptions\PagerException::forInvalidTemplate('default')
 2 SYSTEMPATH\Pager\Pager.php(83): CodeIgniter\Pager\Pager->displayLinks('default', 'default')
 3 APPPATH\Views\Catalogo.php(59): CodeIgniter\Pager\Pager->links('default', 'default')
 4 SYSTEMPATH\View\View.php(213): include('APPPATH\\Views\\Catalogo.php')
 5 SYSTEMPATH\View\View.php(216): CodeIgniter\View\View->CodeIgniter\View\{closure}()
 6 SYSTEMPATH\Common.php(1184): CodeIgniter\View\View->render('Catalogo', [], true)
 7 APPPATH\Controllers\Producto_controller.php(168): view('Catalogo', [...])
 8 SYSTEMPATH\CodeIgniter.php(934): App\Controllers\Producto_controller->mostrarProductos()
 9 SYSTEMPATH\CodeIgniter.php(499): CodeIgniter\CodeIgniter->runController(Object(App\Controllers\Producto_controller))
10 SYSTEMPATH\CodeIgniter.php(368): CodeIgniter\CodeIgniter->handleRequest(null, Object(Config\Cache), false)
11 FCPATH\index.php(67): CodeIgniter\CodeIgniter->run()
CRITICAL - 2024-06-07 04:37:14 --> Call to a member function getNumPages() on array
in APPPATH\Controllers\Producto_controller.php on line 165.
 1 SYSTEMPATH\CodeIgniter.php(934): App\Controllers\Producto_controller->mostrarProductos()
 2 SYSTEMPATH\CodeIgniter.php(499): CodeIgniter\CodeIgniter->runController(Object(App\Controllers\Producto_controller))
 3 SYSTEMPATH\CodeIgniter.php(368): CodeIgniter\CodeIgniter->handleRequest(null, Object(Config\Cache), false)
 4 FCPATH\index.php(67): CodeIgniter\CodeIgniter->run()
CRITICAL - 2024-06-07 04:37:19 --> Call to a member function getNumPages() on array
in APPPATH\Controllers\Producto_controller.php on line 165.
 1 SYSTEMPATH\CodeIgniter.php(934): App\Controllers\Producto_controller->mostrarProductos()
 2 SYSTEMPATH\CodeIgniter.php(499): CodeIgniter\CodeIgniter->runController(Object(App\Controllers\Producto_controller))
 3 SYSTEMPATH\CodeIgniter.php(368): CodeIgniter\CodeIgniter->handleRequest(null, Object(Config\Cache), false)
 4 FCPATH\index.php(67): CodeIgniter\CodeIgniter->run()
CRITICAL - 2024-06-07 04:37:31 --> Call to a member function getNumPages() on array
in APPPATH\Controllers\Producto_controller.php on line 165.
 1 SYSTEMPATH\CodeIgniter.php(934): App\Controllers\Producto_controller->mostrarProductos()
 2 SYSTEMPATH\CodeIgniter.php(499): CodeIgniter\CodeIgniter->runController(Object(App\Controllers\Producto_controller))
 3 SYSTEMPATH\CodeIgniter.php(368): CodeIgniter\CodeIgniter->handleRequest(null, Object(Config\Cache), false)
 4 FCPATH\index.php(67): CodeIgniter\CodeIgniter->run()
CRITICAL - 2024-06-07 04:37:50 --> Call to a member function getNumPages() on array
in APPPATH\Controllers\Producto_controller.php on line 165.
 1 SYSTEMPATH\CodeIgniter.php(934): App\Controllers\Producto_controller->mostrarProductos()
 2 SYSTEMPATH\CodeIgniter.php(499): CodeIgniter\CodeIgniter->runController(Object(App\Controllers\Producto_controller))
 3 SYSTEMPATH\CodeIgniter.php(368): CodeIgniter\CodeIgniter->handleRequest(null, Object(Config\Cache), false)
 4 FCPATH\index.php(67): CodeIgniter\CodeIgniter->run()
