CRITICAL - 2024-06-08 19:46:13 --> The route for "inicio" cannot be found.
in SYSTEMPATH\HTTP\RedirectResponse.php on line 60.
 1 SYSTEMPATH\HTTP\RedirectResponse.php(60): CodeIgniter\HTTP\Exceptions\HTTPException::forInvalidRedirectRoute('inicio')
 2 APPPATH\Filters\AuthUsers.php(14): CodeIgniter\HTTP\RedirectResponse->route(false)
 3 SYSTEMPATH\Filters\Filters.php(173): App\Filters\AuthUsers->before(Object(CodeIgniter\HTTP\IncomingRequest), null)
 4 SYSTEMPATH\CodeIgniter.php(473): CodeIgniter\Filters\Filters->run('Carrito_controller/verCompras', 'before')
 5 SYSTEMPATH\CodeIgniter.php(368): CodeIgniter\CodeIgniter->handleRequest(null, Object(Config\Cache), false)
 6 FCPATH\index.php(67): CodeIgniter\CodeIgniter->run()
CRITICAL - 2024-06-08 19:47:42 --> The route for "inicio" cannot be found.
in SYSTEMPATH\HTTP\RedirectResponse.php on line 60.
 1 SYSTEMPATH\HTTP\RedirectResponse.php(60): CodeIgniter\HTTP\Exceptions\HTTPException::forInvalidRedirectRoute('inicio')
 2 APPPATH\Filters\AuthUsers.php(14): CodeIgniter\HTTP\RedirectResponse->route(false)
 3 SYSTEMPATH\Filters\Filters.php(173): App\Filters\AuthUsers->before(Object(CodeIgniter\HTTP\IncomingRequest), null)
 4 SYSTEMPATH\CodeIgniter.php(473): CodeIgniter\Filters\Filters->run('Carrito_controller/verCompras', 'before')
 5 SYSTEMPATH\CodeIgniter.php(368): CodeIgniter\CodeIgniter->handleRequest(null, Object(Config\Cache), false)
 6 FCPATH\index.php(67): CodeIgniter\CodeIgniter->run()
CRITICAL - 2024-06-08 20:00:43 --> Undefined variable $db
in APPPATH\Controllers\Carrito_controller.php on line 119.
 1 APPPATH\Controllers\Carrito_controller.php(119): CodeIgniter\Debug\Exceptions->errorHandler(2, 'Undefined variable $db', 'APPPATH\\Controllers\\Carrito_controller.php', 119)
 2 SYSTEMPATH\CodeIgniter.php(934): App\Controllers\Carrito_controller->listarVentas()
 3 SYSTEMPATH\CodeIgniter.php(499): CodeIgniter\CodeIgniter->runController(Object(App\Controllers\Carrito_controller))
 4 SYSTEMPATH\CodeIgniter.php(368): CodeIgniter\CodeIgniter->handleRequest(null, Object(Config\Cache), false)
 5 FCPATH\index.php(67): CodeIgniter\CodeIgniter->run()
CRITICAL - 2024-06-08 20:01:13 --> Undefined variable $purchases
in APPPATH\Views\Ventas.php on line 14.
 1 APPPATH\Views\Ventas.php(14): CodeIgniter\Debug\Exceptions->errorHandler(2, 'Undefined variable $purchases', 'APPPATH\\Views\\Ventas.php', 14)
 2 SYSTEMPATH\View\View.php(213): include('APPPATH\\Views\\Ventas.php')
 3 SYSTEMPATH\View\View.php(216): CodeIgniter\View\View->CodeIgniter\View\{closure}()
 4 SYSTEMPATH\Common.php(1184): CodeIgniter\View\View->render('Ventas', [], true)
 5 APPPATH\Controllers\Carrito_controller.php(124): view('Ventas')
 6 SYSTEMPATH\CodeIgniter.php(934): App\Controllers\Carrito_controller->listarVentas()
 7 SYSTEMPATH\CodeIgniter.php(499): CodeIgniter\CodeIgniter->runController(Object(App\Controllers\Carrito_controller))
 8 SYSTEMPATH\CodeIgniter.php(368): CodeIgniter\CodeIgniter->handleRequest(null, Object(Config\Cache), false)
 9 FCPATH\index.php(67): CodeIgniter\CodeIgniter->run()
