CRITICAL - 2024-04-15 21:23:24 --> syntax error, unexpected identifier "CellShop", expecting "," or ";"
in APPPATH\Views\proyect.php on line 9.
 1 SYSTEMPATH\View\View.php(216): CodeIgniter\View\View->CodeIgniter\View\{closure}()
 2 SYSTEMPATH\Common.php(1184): CodeIgniter\View\View->render('proyect', [], true)
 3 APPPATH\Controllers\Home.php(9): view('proyect')
 4 SYSTEMPATH\CodeIgniter.php(934): App\Controllers\Home->index()
 5 SYSTEMPATH\CodeIgniter.php(499): CodeIgniter\CodeIgniter->runController(Object(App\Controllers\Home))
 6 SYSTEMPATH\CodeIgniter.php(368): CodeIgniter\CodeIgniter->handleRequest(null, Object(Config\Cache), false)
 7 FCPATH\index.php(67): CodeIgniter\CodeIgniter->run()
CRITICAL - 2024-04-15 21:23:26 --> syntax error, unexpected identifier "CellShop", expecting "," or ";"
in APPPATH\Views\proyect.php on line 9.
 1 SYSTEMPATH\View\View.php(216): CodeIgniter\View\View->CodeIgniter\View\{closure}()
 2 SYSTEMPATH\Common.php(1184): CodeIgniter\View\View->render('proyect', [], true)
 3 APPPATH\Controllers\Home.php(9): view('proyect')
 4 SYSTEMPATH\CodeIgniter.php(934): App\Controllers\Home->index()
 5 SYSTEMPATH\CodeIgniter.php(499): CodeIgniter\CodeIgniter->runController(Object(App\Controllers\Home))
 6 SYSTEMPATH\CodeIgniter.php(368): CodeIgniter\CodeIgniter->handleRequest(null, Object(Config\Cache), false)
 7 FCPATH\index.php(67): CodeIgniter\CodeIgniter->run()
CRITICAL - 2024-04-15 21:23:28 --> syntax error, unexpected identifier "CellShop", expecting "," or ";"
in APPPATH\Views\proyect.php on line 9.
 1 SYSTEMPATH\View\View.php(216): CodeIgniter\View\View->CodeIgniter\View\{closure}()
 2 SYSTEMPATH\Common.php(1184): CodeIgniter\View\View->render('proyect', [], true)
 3 APPPATH\Controllers\Home.php(9): view('proyect')
 4 SYSTEMPATH\CodeIgniter.php(934): App\Controllers\Home->index()
 5 SYSTEMPATH\CodeIgniter.php(499): CodeIgniter\CodeIgniter->runController(Object(App\Controllers\Home))
 6 SYSTEMPATH\CodeIgniter.php(368): CodeIgniter\CodeIgniter->handleRequest(null, Object(Config\Cache), false)
 7 FCPATH\index.php(67): CodeIgniter\CodeIgniter->run()
CRITICAL - 2024-04-15 23:57:02 --> Invalid file: "Comercializacion.php"
in SYSTEMPATH\Exceptions\FrameworkException.php on line 33.
 1 SYSTEMPATH\View\View.php(201): CodeIgniter\Exceptions\FrameworkException::forInvalidFile('Comercializacion.php')
 2 SYSTEMPATH\Common.php(1184): CodeIgniter\View\View->render('Comercializacion', [], true)
 3 APPPATH\Controllers\Home.php(17): view('Comercializacion')
 4 SYSTEMPATH\CodeIgniter.php(934): App\Controllers\Home->comercializacion()
 5 SYSTEMPATH\CodeIgniter.php(499): CodeIgniter\CodeIgniter->runController(Object(App\Controllers\Home))
 6 SYSTEMPATH\CodeIgniter.php(368): CodeIgniter\CodeIgniter->handleRequest(null, Object(Config\Cache), false)
 7 FCPATH\index.php(67): CodeIgniter\CodeIgniter->run()
CRITICAL - 2024-04-15 23:57:08 --> Invalid file: "Contacto.php"
in SYSTEMPATH\Exceptions\FrameworkException.php on line 33.
 1 SYSTEMPATH\View\View.php(201): CodeIgniter\Exceptions\FrameworkException::forInvalidFile('Contacto.php')
 2 SYSTEMPATH\Common.php(1184): CodeIgniter\View\View->render('Contacto', [], true)
 3 APPPATH\Controllers\Home.php(21): view('Contacto')
 4 SYSTEMPATH\CodeIgniter.php(934): App\Controllers\Home->contacto()
 5 SYSTEMPATH\CodeIgniter.php(499): CodeIgniter\CodeIgniter->runController(Object(App\Controllers\Home))
 6 SYSTEMPATH\CodeIgniter.php(368): CodeIgniter\CodeIgniter->handleRequest(null, Object(Config\Cache), false)
 7 FCPATH\index.php(67): CodeIgniter\CodeIgniter->run()
CRITICAL - 2024-04-15 23:57:12 --> Invalid file: "Comercializacion.php"
in SYSTEMPATH\Exceptions\FrameworkException.php on line 33.
 1 SYSTEMPATH\View\View.php(201): CodeIgniter\Exceptions\FrameworkException::forInvalidFile('Comercializacion.php')
 2 SYSTEMPATH\Common.php(1184): CodeIgniter\View\View->render('Comercializacion', [], true)
 3 APPPATH\Controllers\Home.php(17): view('Comercializacion')
 4 SYSTEMPATH\CodeIgniter.php(934): App\Controllers\Home->comercializacion()
 5 SYSTEMPATH\CodeIgniter.php(499): CodeIgniter\CodeIgniter->runController(Object(App\Controllers\Home))
 6 SYSTEMPATH\CodeIgniter.php(368): CodeIgniter\CodeIgniter->handleRequest(null, Object(Config\Cache), false)
 7 FCPATH\index.php(67): CodeIgniter\CodeIgniter->run()
