CRITICAL - 2024-06-11 16:43:36 --> Trying to access array offset on value of type null
in APPPATH\Controllers\Login_controller.php on line 33.
 1 APPPATH\Controllers\Login_controller.php(33): CodeIgniter\Debug\Exceptions->errorHandler(2, 'Trying to access array offset on value of type null', 'APPPATH\\Controllers\\Login_controller.php', 33)
 2 SYSTEMPATH\CodeIgniter.php(934): App\Controllers\Login_controller->login_usuario()
 3 SYSTEMPATH\CodeIgniter.php(499): CodeIgniter\CodeIgniter->runController(Object(App\Controllers\Login_controller))
 4 SYSTEMPATH\CodeIgniter.php(368): CodeIgniter\CodeIgniter->handleRequest(null, Object(Config\Cache), false)
 5 FCPATH\index.php(67): CodeIgniter\CodeIgniter->run()
CRITICAL - 2024-06-11 16:44:05 --> Trying to access array offset on value of type null
in APPPATH\Controllers\Login_controller.php on line 33.
 1 APPPATH\Controllers\Login_controller.php(33): CodeIgniter\Debug\Exceptions->errorHandler(2, 'Trying to access array offset on value of type null', 'APPPATH\\Controllers\\Login_controller.php', 33)
 2 SYSTEMPATH\CodeIgniter.php(934): App\Controllers\Login_controller->login_usuario()
 3 SYSTEMPATH\CodeIgniter.php(499): CodeIgniter\CodeIgniter->runController(Object(App\Controllers\Login_controller))
 4 SYSTEMPATH\CodeIgniter.php(368): CodeIgniter\CodeIgniter->handleRequest(null, Object(Config\Cache), false)
 5 FCPATH\index.php(67): CodeIgniter\CodeIgniter->run()
CRITICAL - 2024-06-11 16:50:07 --> Undefined constant "App\Controllers\required"
in APPPATH\Controllers\Login_controller.php on line 24.
 1 SYSTEMPATH\CodeIgniter.php(934): App\Controllers\Login_controller->login_usuario()
 2 SYSTEMPATH\CodeIgniter.php(499): CodeIgniter\CodeIgniter->runController(Object(App\Controllers\Login_controller))
 3 SYSTEMPATH\CodeIgniter.php(368): CodeIgniter\CodeIgniter->handleRequest(null, Object(Config\Cache), false)
 4 FCPATH\index.php(67): CodeIgniter\CodeIgniter->run()
CRITICAL - 2024-06-11 16:50:34 --> Trying to access array offset on value of type null
in APPPATH\Controllers\Login_controller.php on line 45.
 1 APPPATH\Controllers\Login_controller.php(45): CodeIgniter\Debug\Exceptions->errorHandler(2, 'Trying to access array offset on value of type null', 'APPPATH\\Controllers\\Login_controller.php', 45)
 2 SYSTEMPATH\CodeIgniter.php(934): App\Controllers\Login_controller->login_usuario()
 3 SYSTEMPATH\CodeIgniter.php(499): CodeIgniter\CodeIgniter->runController(Object(App\Controllers\Login_controller))
 4 SYSTEMPATH\CodeIgniter.php(368): CodeIgniter\CodeIgniter->handleRequest(null, Object(Config\Cache), false)
 5 FCPATH\index.php(67): CodeIgniter\CodeIgniter->run()
CRITICAL - 2024-06-11 16:50:49 --> Trying to access array offset on value of type null
in APPPATH\Controllers\Login_controller.php on line 45.
 1 APPPATH\Controllers\Login_controller.php(45): CodeIgniter\Debug\Exceptions->errorHandler(2, 'Trying to access array offset on value of type null', 'APPPATH\\Controllers\\Login_controller.php', 45)
 2 SYSTEMPATH\CodeIgniter.php(934): App\Controllers\Login_controller->login_usuario()
 3 SYSTEMPATH\CodeIgniter.php(499): CodeIgniter\CodeIgniter->runController(Object(App\Controllers\Login_controller))
 4 SYSTEMPATH\CodeIgniter.php(368): CodeIgniter\CodeIgniter->handleRequest(null, Object(Config\Cache), false)
 5 FCPATH\index.php(67): CodeIgniter\CodeIgniter->run()
CRITICAL - 2024-06-11 16:50:59 --> Trying to access array offset on value of type null
in APPPATH\Controllers\Login_controller.php on line 45.
 1 APPPATH\Controllers\Login_controller.php(45): CodeIgniter\Debug\Exceptions->errorHandler(2, 'Trying to access array offset on value of type null', 'APPPATH\\Controllers\\Login_controller.php', 45)
 2 SYSTEMPATH\CodeIgniter.php(934): App\Controllers\Login_controller->login_usuario()
 3 SYSTEMPATH\CodeIgniter.php(499): CodeIgniter\CodeIgniter->runController(Object(App\Controllers\Login_controller))
 4 SYSTEMPATH\CodeIgniter.php(368): CodeIgniter\CodeIgniter->handleRequest(null, Object(Config\Cache), false)
 5 FCPATH\index.php(67): CodeIgniter\CodeIgniter->run()
CRITICAL - 2024-06-11 16:51:10 --> Trying to access array offset on value of type null
in APPPATH\Controllers\Login_controller.php on line 45.
 1 APPPATH\Controllers\Login_controller.php(45): CodeIgniter\Debug\Exceptions->errorHandler(2, 'Trying to access array offset on value of type null', 'APPPATH\\Controllers\\Login_controller.php', 45)
 2 SYSTEMPATH\CodeIgniter.php(934): App\Controllers\Login_controller->login_usuario()
 3 SYSTEMPATH\CodeIgniter.php(499): CodeIgniter\CodeIgniter->runController(Object(App\Controllers\Login_controller))
 4 SYSTEMPATH\CodeIgniter.php(368): CodeIgniter\CodeIgniter->handleRequest(null, Object(Config\Cache), false)
 5 FCPATH\index.php(67): CodeIgniter\CodeIgniter->run()
CRITICAL - 2024-06-11 16:52:06 --> Trying to access array offset on value of type null
in APPPATH\Controllers\Login_controller.php on line 45.
 1 APPPATH\Controllers\Login_controller.php(45): CodeIgniter\Debug\Exceptions->errorHandler(2, 'Trying to access array offset on value of type null', 'APPPATH\\Controllers\\Login_controller.php', 45)
 2 SYSTEMPATH\CodeIgniter.php(934): App\Controllers\Login_controller->login_usuario()
 3 SYSTEMPATH\CodeIgniter.php(499): CodeIgniter\CodeIgniter->runController(Object(App\Controllers\Login_controller))
 4 SYSTEMPATH\CodeIgniter.php(368): CodeIgniter\CodeIgniter->handleRequest(null, Object(Config\Cache), false)
 5 FCPATH\index.php(67): CodeIgniter\CodeIgniter->run()
CRITICAL - 2024-06-11 22:19:58 --> Trying to access array offset on value of type null
in APPPATH\Controllers\Login_controller.php on line 33.
 1 APPPATH\Controllers\Login_controller.php(33): CodeIgniter\Debug\Exceptions->errorHandler(2, 'Trying to access array offset on value of type null', 'APPPATH\\Controllers\\Login_controller.php', 33)
 2 SYSTEMPATH\CodeIgniter.php(934): App\Controllers\Login_controller->login_usuario()
 3 SYSTEMPATH\CodeIgniter.php(499): CodeIgniter\CodeIgniter->runController(Object(App\Controllers\Login_controller))
 4 SYSTEMPATH\CodeIgniter.php(368): CodeIgniter\CodeIgniter->handleRequest(null, Object(Config\Cache), false)
 5 FCPATH\index.php(67): CodeIgniter\CodeIgniter->run()
CRITICAL - 2024-06-11 22:20:05 --> Trying to access array offset on value of type null
in APPPATH\Controllers\Login_controller.php on line 33.
 1 APPPATH\Controllers\Login_controller.php(33): CodeIgniter\Debug\Exceptions->errorHandler(2, 'Trying to access array offset on value of type null', 'APPPATH\\Controllers\\Login_controller.php', 33)
 2 SYSTEMPATH\CodeIgniter.php(934): App\Controllers\Login_controller->login_usuario()
 3 SYSTEMPATH\CodeIgniter.php(499): CodeIgniter\CodeIgniter->runController(Object(App\Controllers\Login_controller))
 4 SYSTEMPATH\CodeIgniter.php(368): CodeIgniter\CodeIgniter->handleRequest(null, Object(Config\Cache), false)
 5 FCPATH\index.php(67): CodeIgniter\CodeIgniter->run()
CRITICAL - 2024-06-11 22:20:23 --> Trying to access array offset on value of type null
in APPPATH\Controllers\Login_controller.php on line 33.
 1 APPPATH\Controllers\Login_controller.php(33): CodeIgniter\Debug\Exceptions->errorHandler(2, 'Trying to access array offset on value of type null', 'APPPATH\\Controllers\\Login_controller.php', 33)
 2 SYSTEMPATH\CodeIgniter.php(934): App\Controllers\Login_controller->login_usuario()
 3 SYSTEMPATH\CodeIgniter.php(499): CodeIgniter\CodeIgniter->runController(Object(App\Controllers\Login_controller))
 4 SYSTEMPATH\CodeIgniter.php(368): CodeIgniter\CodeIgniter->handleRequest(null, Object(Config\Cache), false)
 5 FCPATH\index.php(67): CodeIgniter\CodeIgniter->run()
CRITICAL - 2024-06-11 22:21:14 --> Trying to access array offset on value of type null
in APPPATH\Controllers\Login_controller.php on line 33.
 1 APPPATH\Controllers\Login_controller.php(33): CodeIgniter\Debug\Exceptions->errorHandler(2, 'Trying to access array offset on value of type null', 'APPPATH\\Controllers\\Login_controller.php', 33)
 2 SYSTEMPATH\CodeIgniter.php(934): App\Controllers\Login_controller->login_usuario()
 3 SYSTEMPATH\CodeIgniter.php(499): CodeIgniter\CodeIgniter->runController(Object(App\Controllers\Login_controller))
 4 SYSTEMPATH\CodeIgniter.php(368): CodeIgniter\CodeIgniter->handleRequest(null, Object(Config\Cache), false)
 5 FCPATH\index.php(67): CodeIgniter\CodeIgniter->run()
CRITICAL - 2024-06-11 22:21:36 --> syntax error, unexpected token "!="
in APPPATH\Controllers\Login_controller.php on line 33.
 1 SYSTEMPATH\Autoloader\Autoloader.php(289): CodeIgniter\Autoloader\Autoloader->includeFile('APPPATH\\Controllers\\Login_controller.php')
 2 SYSTEMPATH\Autoloader\Autoloader.php(267): CodeIgniter\Autoloader\Autoloader->loadInNamespace('App\\Controllers\\Login_controller')
 3 [internal function]: CodeIgniter\Autoloader\Autoloader->loadClass('App\\Controllers\\Login_controller')
 4 SYSTEMPATH\CodeIgniter.php(892): class_exists('\\App\\Controllers\\Login_controller', true)
 5 SYSTEMPATH\CodeIgniter.php(486): CodeIgniter\CodeIgniter->startController()
 6 SYSTEMPATH\CodeIgniter.php(368): CodeIgniter\CodeIgniter->handleRequest(null, Object(Config\Cache), false)
 7 FCPATH\index.php(67): CodeIgniter\CodeIgniter->run()
