CRITICAL - 2024-05-22 13:47:02 --> Undefined variable $productos
in APPPATH\Views\GestionProductos.php on line 21.
 1 APPPATH\Views\GestionProductos.php(21): CodeIgniter\Debug\Exceptions->errorHandler(2, 'Undefined variable $productos', 'APPPATH\\Views\\GestionProductos.php', 21)
 2 SYSTEMPATH\View\View.php(213): include('APPPATH\\Views\\GestionProductos.php')
 3 SYSTEMPATH\View\View.php(216): CodeIgniter\View\View->CodeIgniter\View\{closure}()
 4 SYSTEMPATH\Common.php(1184): CodeIgniter\View\View->render('GestionProductos', [], true)
 5 APPPATH\Controllers\Producto_controller.php(25): view('GestionProductos')
 6 SYSTEMPATH\CodeIgniter.php(934): App\Controllers\Producto_controller->gestion()
 7 SYSTEMPATH\CodeIgniter.php(499): CodeIgniter\CodeIgniter->runController(Object(App\Controllers\Producto_controller))
 8 SYSTEMPATH\CodeIgniter.php(368): CodeIgniter\CodeIgniter->handleRequest(null, Object(Config\Cache), false)
 9 FCPATH\index.php(67): CodeIgniter\CodeIgniter->run()
CRITICAL - 2024-05-22 13:57:48 --> Class "App\Controllers\ProductModel" not found
in APPPATH\Controllers\Producto_controller.php on line 23.
 1 SYSTEMPATH\CodeIgniter.php(934): App\Controllers\Producto_controller->gestion()
 2 SYSTEMPATH\CodeIgniter.php(499): CodeIgniter\CodeIgniter->runController(Object(App\Controllers\Producto_controller))
 3 SYSTEMPATH\CodeIgniter.php(368): CodeIgniter\CodeIgniter->handleRequest(null, Object(Config\Cache), false)
 4 FCPATH\index.php(67): CodeIgniter\CodeIgniter->run()
CRITICAL - 2024-05-22 13:58:31 --> Call to undefined method App\Models\Producto_model::getProductoAll
in SYSTEMPATH\Model.php on line 842.
 1 APPPATH\Controllers\Producto_controller.php(24): CodeIgniter\Model->__call('getProductoAll', [])
 2 SYSTEMPATH\CodeIgniter.php(934): App\Controllers\Producto_controller->gestion()
 3 SYSTEMPATH\CodeIgniter.php(499): CodeIgniter\CodeIgniter->runController(Object(App\Controllers\Producto_controller))
 4 SYSTEMPATH\CodeIgniter.php(368): CodeIgniter\CodeIgniter->handleRequest(null, Object(Config\Cache), false)
 5 FCPATH\index.php(67): CodeIgniter\CodeIgniter->run()
CRITICAL - 2024-05-22 14:34:02 --> Trying to access array offset on value of type null
in APPPATH\Views\Form_altaProducto.php on line 71.
 1 APPPATH\Views\Form_altaProducto.php(71): CodeIgniter\Debug\Exceptions->errorHandler(2, 'Trying to access array offset on value of type null', 'APPPATH\\Views\\Form_altaProducto.php', 71)
 2 SYSTEMPATH\View\View.php(213): include('APPPATH\\Views\\Form_altaProducto.php')
 3 SYSTEMPATH\View\View.php(216): CodeIgniter\View\View->CodeIgniter\View\{closure}()
 4 SYSTEMPATH\Common.php(1184): CodeIgniter\View\View->render('Form_altaProducto', [], true)
 5 APPPATH\Controllers\Producto_controller.php(81): view('Form_altaProducto', [...])
 6 SYSTEMPATH\CodeIgniter.php(934): App\Controllers\Producto_controller->agregar()
 7 SYSTEMPATH\CodeIgniter.php(499): CodeIgniter\CodeIgniter->runController(Object(App\Controllers\Producto_controller))
 8 SYSTEMPATH\CodeIgniter.php(368): CodeIgniter\CodeIgniter->handleRequest(null, Object(Config\Cache), false)
 9 FCPATH\index.php(67): CodeIgniter\CodeIgniter->run()
CRITICAL - 2024-05-22 14:36:07 --> Trying to access array offset on value of type null
in APPPATH\Views\Form_altaProducto.php on line 71.
 1 APPPATH\Views\Form_altaProducto.php(71): CodeIgniter\Debug\Exceptions->errorHandler(2, 'Trying to access array offset on value of type null', 'APPPATH\\Views\\Form_altaProducto.php', 71)
 2 SYSTEMPATH\View\View.php(213): include('APPPATH\\Views\\Form_altaProducto.php')
 3 SYSTEMPATH\View\View.php(216): CodeIgniter\View\View->CodeIgniter\View\{closure}()
 4 SYSTEMPATH\Common.php(1184): CodeIgniter\View\View->render('Form_altaProducto', [], true)
 5 APPPATH\Controllers\Producto_controller.php(81): view('Form_altaProducto', [...])
 6 SYSTEMPATH\CodeIgniter.php(934): App\Controllers\Producto_controller->agregar()
 7 SYSTEMPATH\CodeIgniter.php(499): CodeIgniter\CodeIgniter->runController(Object(App\Controllers\Producto_controller))
 8 SYSTEMPATH\CodeIgniter.php(368): CodeIgniter\CodeIgniter->handleRequest(null, Object(Config\Cache), false)
 9 FCPATH\index.php(67): CodeIgniter\CodeIgniter->run()
CRITICAL - 2024-05-22 15:03:03 --> Undefined variable $categorias
in APPPATH\Controllers\Producto_controller.php on line 84.
 1 APPPATH\Controllers\Producto_controller.php(84): CodeIgniter\Debug\Exceptions->errorHandler(2, 'Undefined variable $categorias', 'APPPATH\\Controllers\\Producto_controller.php', 84)
 2 SYSTEMPATH\CodeIgniter.php(934): App\Controllers\Producto_controller->agregar()
 3 SYSTEMPATH\CodeIgniter.php(499): CodeIgniter\CodeIgniter->runController(Object(App\Controllers\Producto_controller))
 4 SYSTEMPATH\CodeIgniter.php(368): CodeIgniter\CodeIgniter->handleRequest(null, Object(Config\Cache), false)
 5 FCPATH\index.php(67): CodeIgniter\CodeIgniter->run()
CRITICAL - 2024-05-22 15:05:25 --> syntax error, unexpected token "else"
in APPPATH\Controllers\Producto_controller.php on line 85.
 1 SYSTEMPATH\Autoloader\Autoloader.php(289): CodeIgniter\Autoloader\Autoloader->includeFile('APPPATH\\Controllers\\Producto_controller.php')
 2 SYSTEMPATH\Autoloader\Autoloader.php(267): CodeIgniter\Autoloader\Autoloader->loadInNamespace('App\\Controllers\\Producto_controller')
 3 [internal function]: CodeIgniter\Autoloader\Autoloader->loadClass('App\\Controllers\\Producto_controller')
 4 SYSTEMPATH\CodeIgniter.php(892): class_exists('\\App\\Controllers\\Producto_controller', true)
 5 SYSTEMPATH\CodeIgniter.php(486): CodeIgniter\CodeIgniter->startController()
 6 SYSTEMPATH\CodeIgniter.php(368): CodeIgniter\CodeIgniter->handleRequest(null, Object(Config\Cache), false)
 7 FCPATH\index.php(67): CodeIgniter\CodeIgniter->run()
CRITICAL - 2024-05-22 15:05:59 --> Trying to access array offset on value of type null
in APPPATH\Views\Form_altaProducto.php on line 71.
 1 APPPATH\Views\Form_altaProducto.php(71): CodeIgniter\Debug\Exceptions->errorHandler(2, 'Trying to access array offset on value of type null', 'APPPATH\\Views\\Form_altaProducto.php', 71)
 2 SYSTEMPATH\View\View.php(213): include('APPPATH\\Views\\Form_altaProducto.php')
 3 SYSTEMPATH\View\View.php(216): CodeIgniter\View\View->CodeIgniter\View\{closure}()
 4 SYSTEMPATH\Common.php(1184): CodeIgniter\View\View->render('Form_altaProducto', [], true)
 5 APPPATH\Controllers\Producto_controller.php(89): view('Form_altaProducto', [...])
 6 SYSTEMPATH\CodeIgniter.php(934): App\Controllers\Producto_controller->agregar()
 7 SYSTEMPATH\CodeIgniter.php(499): CodeIgniter\CodeIgniter->runController(Object(App\Controllers\Producto_controller))
 8 SYSTEMPATH\CodeIgniter.php(368): CodeIgniter\CodeIgniter->handleRequest(null, Object(Config\Cache), false)
 9 FCPATH\index.php(67): CodeIgniter\CodeIgniter->run()
CRITICAL - 2024-05-22 15:06:29 --> Trying to access array offset on value of type null
in APPPATH\Views\Form_altaProducto.php on line 71.
 1 APPPATH\Views\Form_altaProducto.php(71): CodeIgniter\Debug\Exceptions->errorHandler(2, 'Trying to access array offset on value of type null', 'APPPATH\\Views\\Form_altaProducto.php', 71)
 2 SYSTEMPATH\View\View.php(213): include('APPPATH\\Views\\Form_altaProducto.php')
 3 SYSTEMPATH\View\View.php(216): CodeIgniter\View\View->CodeIgniter\View\{closure}()
 4 SYSTEMPATH\Common.php(1184): CodeIgniter\View\View->render('Form_altaProducto', [], true)
 5 APPPATH\Controllers\Producto_controller.php(89): view('Form_altaProducto', [...])
 6 SYSTEMPATH\CodeIgniter.php(934): App\Controllers\Producto_controller->agregar()
 7 SYSTEMPATH\CodeIgniter.php(499): CodeIgniter\CodeIgniter->runController(Object(App\Controllers\Producto_controller))
 8 SYSTEMPATH\CodeIgniter.php(368): CodeIgniter\CodeIgniter->handleRequest(null, Object(Config\Cache), false)
 9 FCPATH\index.php(67): CodeIgniter\CodeIgniter->run()
CRITICAL - 2024-05-22 15:30:00 --> Trying to access array offset on value of type null
in APPPATH\Views\Form_altaProducto.php on line 71.
 1 APPPATH\Views\Form_altaProducto.php(71): CodeIgniter\Debug\Exceptions->errorHandler(2, 'Trying to access array offset on value of type null', 'APPPATH\\Views\\Form_altaProducto.php', 71)
 2 SYSTEMPATH\View\View.php(213): include('APPPATH\\Views\\Form_altaProducto.php')
 3 SYSTEMPATH\View\View.php(216): CodeIgniter\View\View->CodeIgniter\View\{closure}()
 4 SYSTEMPATH\Common.php(1184): CodeIgniter\View\View->render('Form_altaProducto', [], true)
 5 APPPATH\Controllers\Producto_controller.php(89): view('Form_altaProducto', [...])
 6 SYSTEMPATH\CodeIgniter.php(934): App\Controllers\Producto_controller->agregar()
 7 SYSTEMPATH\CodeIgniter.php(499): CodeIgniter\CodeIgniter->runController(Object(App\Controllers\Producto_controller))
 8 SYSTEMPATH\CodeIgniter.php(368): CodeIgniter\CodeIgniter->handleRequest(null, Object(Config\Cache), false)
 9 FCPATH\index.php(67): CodeIgniter\CodeIgniter->run()
CRITICAL - 2024-05-22 17:22:11 --> Trying to access array offset on value of type null
in APPPATH\Views\Form_altaProducto.php on line 71.
 1 APPPATH\Views\Form_altaProducto.php(71): CodeIgniter\Debug\Exceptions->errorHandler(2, 'Trying to access array offset on value of type null', 'APPPATH\\Views\\Form_altaProducto.php', 71)
 2 SYSTEMPATH\View\View.php(213): include('APPPATH\\Views\\Form_altaProducto.php')
 3 SYSTEMPATH\View\View.php(216): CodeIgniter\View\View->CodeIgniter\View\{closure}()
 4 SYSTEMPATH\Common.php(1184): CodeIgniter\View\View->render('Form_altaProducto', [], true)
 5 APPPATH\Controllers\Producto_controller.php(90): view('Form_altaProducto', [...])
 6 SYSTEMPATH\CodeIgniter.php(934): App\Controllers\Producto_controller->agregar()
 7 SYSTEMPATH\CodeIgniter.php(499): CodeIgniter\CodeIgniter->runController(Object(App\Controllers\Producto_controller))
 8 SYSTEMPATH\CodeIgniter.php(368): CodeIgniter\CodeIgniter->handleRequest(null, Object(Config\Cache), false)
 9 FCPATH\index.php(67): CodeIgniter\CodeIgniter->run()
CRITICAL - 2024-05-22 18:27:43 --> Trying to access array offset on value of type null
in APPPATH\Views\Form_altaProducto.php on line 71.
 1 APPPATH\Views\Form_altaProducto.php(71): CodeIgniter\Debug\Exceptions->errorHandler(2, 'Trying to access array offset on value of type null', 'APPPATH\\Views\\Form_altaProducto.php', 71)
 2 SYSTEMPATH\View\View.php(213): include('APPPATH\\Views\\Form_altaProducto.php')
 3 SYSTEMPATH\View\View.php(216): CodeIgniter\View\View->CodeIgniter\View\{closure}()
 4 SYSTEMPATH\Common.php(1184): CodeIgniter\View\View->render('Form_altaProducto', [], true)
 5 APPPATH\Controllers\Producto_controller.php(90): view('Form_altaProducto', [...])
 6 SYSTEMPATH\CodeIgniter.php(934): App\Controllers\Producto_controller->agregar()
 7 SYSTEMPATH\CodeIgniter.php(499): CodeIgniter\CodeIgniter->runController(Object(App\Controllers\Producto_controller))
 8 SYSTEMPATH\CodeIgniter.php(368): CodeIgniter\CodeIgniter->handleRequest(null, Object(Config\Cache), false)
 9 FCPATH\index.php(67): CodeIgniter\CodeIgniter->run()
CRITICAL - 2024-05-22 19:17:13 --> syntax error, unexpected token "=>", expecting "]"
in APPPATH\Controllers\Producto_controller.php on line 98.
 1 SYSTEMPATH\Autoloader\Autoloader.php(289): CodeIgniter\Autoloader\Autoloader->includeFile('APPPATH\\Controllers\\Producto_controller.php')
 2 SYSTEMPATH\Autoloader\Autoloader.php(267): CodeIgniter\Autoloader\Autoloader->loadInNamespace('App\\Controllers\\Producto_controller')
 3 [internal function]: CodeIgniter\Autoloader\Autoloader->loadClass('App\\Controllers\\Producto_controller')
 4 SYSTEMPATH\CodeIgniter.php(892): class_exists('\\App\\Controllers\\Producto_controller', true)
 5 SYSTEMPATH\CodeIgniter.php(486): CodeIgniter\CodeIgniter->startController()
 6 SYSTEMPATH\CodeIgniter.php(368): CodeIgniter\CodeIgniter->handleRequest(null, Object(Config\Cache), false)
 7 FCPATH\index.php(67): CodeIgniter\CodeIgniter->run()
CRITICAL - 2024-05-22 20:12:41 --> Cannot use object of type App\Models\Contacto_model as array
in APPPATH\Controllers\Contacto_controller.php on line 42.
 1 SYSTEMPATH\CodeIgniter.php(934): App\Controllers\Contacto_controller->formValidation()
 2 SYSTEMPATH\CodeIgniter.php(499): CodeIgniter\CodeIgniter->runController(Object(App\Controllers\Contacto_controller))
 3 SYSTEMPATH\CodeIgniter.php(368): CodeIgniter\CodeIgniter->handleRequest(null, Object(Config\Cache), false)
 4 FCPATH\index.php(67): CodeIgniter\CodeIgniter->run()
ERROR - 2024-05-22 20:21:36 --> mysqli_sql_exception: Column 'correo' cannot be null in C:\xampp\htdocs\proyecto_Lu_Teves\system\Database\MySQLi\Connection.php:295
Stack trace:
#0 C:\xampp\htdocs\proyecto_Lu_Teves\system\Database\MySQLi\Connection.php(295): mysqli->query('INSERT INTO `co...', 0)
#1 C:\xampp\htdocs\proyecto_Lu_Teves\system\Database\BaseConnection.php(691): CodeIgniter\Database\MySQLi\Connection->execute('INSERT INTO `co...')
#2 C:\xampp\htdocs\proyecto_Lu_Teves\system\Database\BaseConnection.php(605): CodeIgniter\Database\BaseConnection->simpleQuery('INSERT INTO `co...')
#3 C:\xampp\htdocs\proyecto_Lu_Teves\system\Database\BaseBuilder.php(2309): CodeIgniter\Database\BaseConnection->query('INSERT INTO `co...', Array, false)
#4 C:\xampp\htdocs\proyecto_Lu_Teves\system\Model.php(330): CodeIgniter\Database\BaseBuilder->insert()
#5 C:\xampp\htdocs\proyecto_Lu_Teves\system\BaseModel.php(782): CodeIgniter\Model->doInsert(Array)
#6 C:\xampp\htdocs\proyecto_Lu_Teves\system\Model.php(730): CodeIgniter\BaseModel->insert(Array, false)
#7 C:\xampp\htdocs\proyecto_Lu_Teves\system\BaseModel.php(692): CodeIgniter\Model->insert(Array, false)
#8 C:\xampp\htdocs\proyecto_Lu_Teves\app\Controllers\Contacto_controller.php(49): CodeIgniter\BaseModel->save(Array)
#9 C:\xampp\htdocs\proyecto_Lu_Teves\system\CodeIgniter.php(934): App\Controllers\Contacto_controller->formValidation()
#10 C:\xampp\htdocs\proyecto_Lu_Teves\system\CodeIgniter.php(499): CodeIgniter\CodeIgniter->runController(Object(App\Controllers\Contacto_controller))
#11 C:\xampp\htdocs\proyecto_Lu_Teves\system\CodeIgniter.php(368): CodeIgniter\CodeIgniter->handleRequest(NULL, Object(Config\Cache), false)
#12 C:\xampp\htdocs\proyecto_Lu_Teves\index.php(67): CodeIgniter\CodeIgniter->run()
#13 {main}
CRITICAL - 2024-05-22 20:21:36 --> Column 'correo' cannot be null
in SYSTEMPATH\Database\BaseConnection.php on line 645.
 1 SYSTEMPATH\Database\BaseBuilder.php(2309): CodeIgniter\Database\BaseConnection->query('INSERT INTO `contacto` (`nombre`, `correo`, `asunto`, `consulta`) VALUES (:nombre:, :correo:, :asunto:, :consulta:)', [...], false)
 2 SYSTEMPATH\Model.php(330): CodeIgniter\Database\BaseBuilder->insert()
 3 SYSTEMPATH\BaseModel.php(782): CodeIgniter\Model->doInsert([...])
 4 SYSTEMPATH\Model.php(730): CodeIgniter\BaseModel->insert([...], false)
 5 SYSTEMPATH\BaseModel.php(692): CodeIgniter\Model->insert([...], false)
 6 APPPATH\Controllers\Contacto_controller.php(49): CodeIgniter\BaseModel->save([...])
 7 SYSTEMPATH\CodeIgniter.php(934): App\Controllers\Contacto_controller->formValidation()
 8 SYSTEMPATH\CodeIgniter.php(499): CodeIgniter\CodeIgniter->runController(Object(App\Controllers\Contacto_controller))
 9 SYSTEMPATH\CodeIgniter.php(368): CodeIgniter\CodeIgniter->handleRequest(null, Object(Config\Cache), false)
10 FCPATH\index.php(67): CodeIgniter\CodeIgniter->run()
CRITICAL - 2024-05-22 20:24:18 --> syntax error, unexpected token "<"
in APPPATH\Controllers\Contacto_controller.php on line 24.
 1 SYSTEMPATH\Autoloader\Autoloader.php(289): CodeIgniter\Autoloader\Autoloader->includeFile('APPPATH\\Controllers\\Contacto_controller.php')
 2 SYSTEMPATH\Autoloader\Autoloader.php(267): CodeIgniter\Autoloader\Autoloader->loadInNamespace('App\\Controllers\\Contacto_controller')
 3 [internal function]: CodeIgniter\Autoloader\Autoloader->loadClass('App\\Controllers\\Contacto_controller')
 4 SYSTEMPATH\CodeIgniter.php(892): class_exists('\\App\\Controllers\\Contacto_controller', true)
 5 SYSTEMPATH\CodeIgniter.php(486): CodeIgniter\CodeIgniter->startController()
 6 SYSTEMPATH\CodeIgniter.php(368): CodeIgniter\CodeIgniter->handleRequest(null, Object(Config\Cache), false)
 7 FCPATH\index.php(67): CodeIgniter\CodeIgniter->run()
ERROR - 2024-05-22 20:27:05 --> mysqli_sql_exception: Column 'correo' cannot be null in C:\xampp\htdocs\proyecto_Lu_Teves\system\Database\MySQLi\Connection.php:295
Stack trace:
#0 C:\xampp\htdocs\proyecto_Lu_Teves\system\Database\MySQLi\Connection.php(295): mysqli->query('INSERT INTO `co...', 0)
#1 C:\xampp\htdocs\proyecto_Lu_Teves\system\Database\BaseConnection.php(691): CodeIgniter\Database\MySQLi\Connection->execute('INSERT INTO `co...')
#2 C:\xampp\htdocs\proyecto_Lu_Teves\system\Database\BaseConnection.php(605): CodeIgniter\Database\BaseConnection->simpleQuery('INSERT INTO `co...')
#3 C:\xampp\htdocs\proyecto_Lu_Teves\system\Database\BaseBuilder.php(2309): CodeIgniter\Database\BaseConnection->query('INSERT INTO `co...', Array, false)
#4 C:\xampp\htdocs\proyecto_Lu_Teves\system\Model.php(330): CodeIgniter\Database\BaseBuilder->insert()
#5 C:\xampp\htdocs\proyecto_Lu_Teves\system\BaseModel.php(782): CodeIgniter\Model->doInsert(Array)
#6 C:\xampp\htdocs\proyecto_Lu_Teves\system\Model.php(730): CodeIgniter\BaseModel->insert(Array, false)
#7 C:\xampp\htdocs\proyecto_Lu_Teves\system\BaseModel.php(692): CodeIgniter\Model->insert(Array, false)
#8 C:\xampp\htdocs\proyecto_Lu_Teves\app\Controllers\Contacto_controller.php(53): CodeIgniter\BaseModel->save(Array)
#9 C:\xampp\htdocs\proyecto_Lu_Teves\system\CodeIgniter.php(934): App\Controllers\Contacto_controller->formValidation()
#10 C:\xampp\htdocs\proyecto_Lu_Teves\system\CodeIgniter.php(499): CodeIgniter\CodeIgniter->runController(Object(App\Controllers\Contacto_controller))
#11 C:\xampp\htdocs\proyecto_Lu_Teves\system\CodeIgniter.php(368): CodeIgniter\CodeIgniter->handleRequest(NULL, Object(Config\Cache), false)
#12 C:\xampp\htdocs\proyecto_Lu_Teves\index.php(67): CodeIgniter\CodeIgniter->run()
#13 {main}
CRITICAL - 2024-05-22 20:27:05 --> Column 'correo' cannot be null
in SYSTEMPATH\Database\BaseConnection.php on line 645.
 1 SYSTEMPATH\Database\BaseBuilder.php(2309): CodeIgniter\Database\BaseConnection->query('INSERT INTO `contacto` (`nombre`, `correo`, `asunto`, `consulta`) VALUES (:nombre:, :correo:, :asunto:, :consulta:)', [...], false)
 2 SYSTEMPATH\Model.php(330): CodeIgniter\Database\BaseBuilder->insert()
 3 SYSTEMPATH\BaseModel.php(782): CodeIgniter\Model->doInsert([...])
 4 SYSTEMPATH\Model.php(730): CodeIgniter\BaseModel->insert([...], false)
 5 SYSTEMPATH\BaseModel.php(692): CodeIgniter\Model->insert([...], false)
 6 APPPATH\Controllers\Contacto_controller.php(53): CodeIgniter\BaseModel->save([...])
 7 SYSTEMPATH\CodeIgniter.php(934): App\Controllers\Contacto_controller->formValidation()
 8 SYSTEMPATH\CodeIgniter.php(499): CodeIgniter\CodeIgniter->runController(Object(App\Controllers\Contacto_controller))
 9 SYSTEMPATH\CodeIgniter.php(368): CodeIgniter\CodeIgniter->handleRequest(null, Object(Config\Cache), false)
10 FCPATH\index.php(67): CodeIgniter\CodeIgniter->run()
ERROR - 2024-05-22 20:28:54 --> mysqli_sql_exception: Column 'correo' cannot be null in C:\xampp\htdocs\proyecto_Lu_Teves\system\Database\MySQLi\Connection.php:295
Stack trace:
#0 C:\xampp\htdocs\proyecto_Lu_Teves\system\Database\MySQLi\Connection.php(295): mysqli->query('INSERT INTO `co...', 0)
#1 C:\xampp\htdocs\proyecto_Lu_Teves\system\Database\BaseConnection.php(691): CodeIgniter\Database\MySQLi\Connection->execute('INSERT INTO `co...')
#2 C:\xampp\htdocs\proyecto_Lu_Teves\system\Database\BaseConnection.php(605): CodeIgniter\Database\BaseConnection->simpleQuery('INSERT INTO `co...')
#3 C:\xampp\htdocs\proyecto_Lu_Teves\system\Database\BaseBuilder.php(2309): CodeIgniter\Database\BaseConnection->query('INSERT INTO `co...', Array, false)
#4 C:\xampp\htdocs\proyecto_Lu_Teves\system\Model.php(330): CodeIgniter\Database\BaseBuilder->insert()
#5 C:\xampp\htdocs\proyecto_Lu_Teves\system\BaseModel.php(782): CodeIgniter\Model->doInsert(Array)
#6 C:\xampp\htdocs\proyecto_Lu_Teves\system\Model.php(730): CodeIgniter\BaseModel->insert(Array, false)
#7 C:\xampp\htdocs\proyecto_Lu_Teves\system\BaseModel.php(692): CodeIgniter\Model->insert(Array, false)
#8 C:\xampp\htdocs\proyecto_Lu_Teves\app\Controllers\Contacto_controller.php(53): CodeIgniter\BaseModel->save(Array)
#9 C:\xampp\htdocs\proyecto_Lu_Teves\system\CodeIgniter.php(934): App\Controllers\Contacto_controller->formValidation()
#10 C:\xampp\htdocs\proyecto_Lu_Teves\system\CodeIgniter.php(499): CodeIgniter\CodeIgniter->runController(Object(App\Controllers\Contacto_controller))
#11 C:\xampp\htdocs\proyecto_Lu_Teves\system\CodeIgniter.php(368): CodeIgniter\CodeIgniter->handleRequest(NULL, Object(Config\Cache), false)
#12 C:\xampp\htdocs\proyecto_Lu_Teves\index.php(67): CodeIgniter\CodeIgniter->run()
#13 {main}
CRITICAL - 2024-05-22 20:28:54 --> Column 'correo' cannot be null
in SYSTEMPATH\Database\BaseConnection.php on line 645.
 1 SYSTEMPATH\Database\BaseBuilder.php(2309): CodeIgniter\Database\BaseConnection->query('INSERT INTO `contacto` (`nombre`, `correo`, `asunto`, `consulta`) VALUES (:nombre:, :correo:, :asunto:, :consulta:)', [...], false)
 2 SYSTEMPATH\Model.php(330): CodeIgniter\Database\BaseBuilder->insert()
 3 SYSTEMPATH\BaseModel.php(782): CodeIgniter\Model->doInsert([...])
 4 SYSTEMPATH\Model.php(730): CodeIgniter\BaseModel->insert([...], false)
 5 SYSTEMPATH\BaseModel.php(692): CodeIgniter\Model->insert([...], false)
 6 APPPATH\Controllers\Contacto_controller.php(53): CodeIgniter\BaseModel->save([...])
 7 SYSTEMPATH\CodeIgniter.php(934): App\Controllers\Contacto_controller->formValidation()
 8 SYSTEMPATH\CodeIgniter.php(499): CodeIgniter\CodeIgniter->runController(Object(App\Controllers\Contacto_controller))
 9 SYSTEMPATH\CodeIgniter.php(368): CodeIgniter\CodeIgniter->handleRequest(null, Object(Config\Cache), false)
10 FCPATH\index.php(67): CodeIgniter\CodeIgniter->run()
ERROR - 2024-05-22 22:27:30 --> mysqli_sql_exception: Table 'bd_lu_teves.usuarios' doesn't exist in C:\xampp\htdocs\proyecto_Lu_Teves\system\Database\MySQLi\Connection.php:295
Stack trace:
#0 C:\xampp\htdocs\proyecto_Lu_Teves\system\Database\MySQLi\Connection.php(295): mysqli->query('SELECT *\nFROM `...', 0)
#1 C:\xampp\htdocs\proyecto_Lu_Teves\system\Database\BaseConnection.php(691): CodeIgniter\Database\MySQLi\Connection->execute('SELECT *\nFROM `...')
#2 C:\xampp\htdocs\proyecto_Lu_Teves\system\Database\BaseConnection.php(605): CodeIgniter\Database\BaseConnection->simpleQuery('SELECT *\nFROM `...')
#3 C:\xampp\htdocs\proyecto_Lu_Teves\system\Database\BaseBuilder.php(1616): CodeIgniter\Database\BaseConnection->query('SELECT *\nFROM `...', Array, false)
#4 C:\xampp\htdocs\proyecto_Lu_Teves\system\Model.php(268): CodeIgniter\Database\BaseBuilder->get()
#5 C:\xampp\htdocs\proyecto_Lu_Teves\system\BaseModel.php(656): CodeIgniter\Model->doFirst()
#6 C:\xampp\htdocs\proyecto_Lu_Teves\app\Controllers\Login_controller.php(31): CodeIgniter\BaseModel->first()
#7 C:\xampp\htdocs\proyecto_Lu_Teves\system\CodeIgniter.php(934): App\Controllers\Login_controller->login_usuario()
#8 C:\xampp\htdocs\proyecto_Lu_Teves\system\CodeIgniter.php(499): CodeIgniter\CodeIgniter->runController(Object(App\Controllers\Login_controller))
#9 C:\xampp\htdocs\proyecto_Lu_Teves\system\CodeIgniter.php(368): CodeIgniter\CodeIgniter->handleRequest(NULL, Object(Config\Cache), false)
#10 C:\xampp\htdocs\proyecto_Lu_Teves\index.php(67): CodeIgniter\CodeIgniter->run()
#11 {main}
CRITICAL - 2024-05-22 22:27:30 --> Table 'bd_lu_teves.usuarios' doesn't exist
in SYSTEMPATH\Database\BaseConnection.php on line 645.
 1 SYSTEMPATH\Database\BaseBuilder.php(1616): CodeIgniter\Database\BaseConnection->query('SELECT *
FROM `usuarios`
WHERE `email` = :email:
 LIMIT 1', [...], false)
 2 SYSTEMPATH\Model.php(268): CodeIgniter\Database\BaseBuilder->get()
 3 SYSTEMPATH\BaseModel.php(656): CodeIgniter\Model->doFirst()
 4 APPPATH\Controllers\Login_controller.php(31): CodeIgniter\BaseModel->first()
 5 SYSTEMPATH\CodeIgniter.php(934): App\Controllers\Login_controller->login_usuario()
 6 SYSTEMPATH\CodeIgniter.php(499): CodeIgniter\CodeIgniter->runController(Object(App\Controllers\Login_controller))
 7 SYSTEMPATH\CodeIgniter.php(368): CodeIgniter\CodeIgniter->handleRequest(null, Object(Config\Cache), false)
 8 FCPATH\index.php(67): CodeIgniter\CodeIgniter->run()
ERROR - 2024-05-22 22:27:51 --> mysqli_sql_exception: Table 'bd_lu_teves.usuarios' doesn't exist in C:\xampp\htdocs\proyecto_Lu_Teves\system\Database\MySQLi\Connection.php:295
Stack trace:
#0 C:\xampp\htdocs\proyecto_Lu_Teves\system\Database\MySQLi\Connection.php(295): mysqli->query('SELECT *\nFROM `...', 0)
#1 C:\xampp\htdocs\proyecto_Lu_Teves\system\Database\BaseConnection.php(691): CodeIgniter\Database\MySQLi\Connection->execute('SELECT *\nFROM `...')
#2 C:\xampp\htdocs\proyecto_Lu_Teves\system\Database\BaseConnection.php(605): CodeIgniter\Database\BaseConnection->simpleQuery('SELECT *\nFROM `...')
#3 C:\xampp\htdocs\proyecto_Lu_Teves\system\Database\BaseBuilder.php(1616): CodeIgniter\Database\BaseConnection->query('SELECT *\nFROM `...', Array, false)
#4 C:\xampp\htdocs\proyecto_Lu_Teves\system\Model.php(268): CodeIgniter\Database\BaseBuilder->get()
#5 C:\xampp\htdocs\proyecto_Lu_Teves\system\BaseModel.php(656): CodeIgniter\Model->doFirst()
#6 C:\xampp\htdocs\proyecto_Lu_Teves\app\Controllers\Login_controller.php(31): CodeIgniter\BaseModel->first()
#7 C:\xampp\htdocs\proyecto_Lu_Teves\system\CodeIgniter.php(934): App\Controllers\Login_controller->login_usuario()
#8 C:\xampp\htdocs\proyecto_Lu_Teves\system\CodeIgniter.php(499): CodeIgniter\CodeIgniter->runController(Object(App\Controllers\Login_controller))
#9 C:\xampp\htdocs\proyecto_Lu_Teves\system\CodeIgniter.php(368): CodeIgniter\CodeIgniter->handleRequest(NULL, Object(Config\Cache), false)
#10 C:\xampp\htdocs\proyecto_Lu_Teves\index.php(67): CodeIgniter\CodeIgniter->run()
#11 {main}
CRITICAL - 2024-05-22 22:27:51 --> Table 'bd_lu_teves.usuarios' doesn't exist
in SYSTEMPATH\Database\BaseConnection.php on line 645.
 1 SYSTEMPATH\Database\BaseBuilder.php(1616): CodeIgniter\Database\BaseConnection->query('SELECT *
FROM `usuarios`
WHERE `email` = :email:
 LIMIT 1', [...], false)
 2 SYSTEMPATH\Model.php(268): CodeIgniter\Database\BaseBuilder->get()
 3 SYSTEMPATH\BaseModel.php(656): CodeIgniter\Model->doFirst()
 4 APPPATH\Controllers\Login_controller.php(31): CodeIgniter\BaseModel->first()
 5 SYSTEMPATH\CodeIgniter.php(934): App\Controllers\Login_controller->login_usuario()
 6 SYSTEMPATH\CodeIgniter.php(499): CodeIgniter\CodeIgniter->runController(Object(App\Controllers\Login_controller))
 7 SYSTEMPATH\CodeIgniter.php(368): CodeIgniter\CodeIgniter->handleRequest(null, Object(Config\Cache), false)
 8 FCPATH\index.php(67): CodeIgniter\CodeIgniter->run()
ERROR - 2024-05-22 22:32:58 --> mysqli_sql_exception: Table 'bd_lu_teves.usuarios' doesn't exist in C:\xampp\htdocs\proyecto_Lu_Teves\system\Database\MySQLi\Connection.php:295
Stack trace:
#0 C:\xampp\htdocs\proyecto_Lu_Teves\system\Database\MySQLi\Connection.php(295): mysqli->query('SELECT *\nFROM `...', 0)
#1 C:\xampp\htdocs\proyecto_Lu_Teves\system\Database\BaseConnection.php(691): CodeIgniter\Database\MySQLi\Connection->execute('SELECT *\nFROM `...')
#2 C:\xampp\htdocs\proyecto_Lu_Teves\system\Database\BaseConnection.php(605): CodeIgniter\Database\BaseConnection->simpleQuery('SELECT *\nFROM `...')
#3 C:\xampp\htdocs\proyecto_Lu_Teves\system\Database\BaseBuilder.php(1616): CodeIgniter\Database\BaseConnection->query('SELECT *\nFROM `...', Array, false)
#4 C:\xampp\htdocs\proyecto_Lu_Teves\system\Model.php(268): CodeIgniter\Database\BaseBuilder->get()
#5 C:\xampp\htdocs\proyecto_Lu_Teves\system\BaseModel.php(656): CodeIgniter\Model->doFirst()
#6 C:\xampp\htdocs\proyecto_Lu_Teves\app\Controllers\Login_controller.php(31): CodeIgniter\BaseModel->first()
#7 C:\xampp\htdocs\proyecto_Lu_Teves\system\CodeIgniter.php(934): App\Controllers\Login_controller->login_usuario()
#8 C:\xampp\htdocs\proyecto_Lu_Teves\system\CodeIgniter.php(499): CodeIgniter\CodeIgniter->runController(Object(App\Controllers\Login_controller))
#9 C:\xampp\htdocs\proyecto_Lu_Teves\system\CodeIgniter.php(368): CodeIgniter\CodeIgniter->handleRequest(NULL, Object(Config\Cache), false)
#10 C:\xampp\htdocs\proyecto_Lu_Teves\index.php(67): CodeIgniter\CodeIgniter->run()
#11 {main}
CRITICAL - 2024-05-22 22:32:58 --> Table 'bd_lu_teves.usuarios' doesn't exist
in SYSTEMPATH\Database\BaseConnection.php on line 645.
 1 SYSTEMPATH\Database\BaseBuilder.php(1616): CodeIgniter\Database\BaseConnection->query('SELECT *
FROM `usuarios`
WHERE `email` = :email:
 LIMIT 1', [...], false)
 2 SYSTEMPATH\Model.php(268): CodeIgniter\Database\BaseBuilder->get()
 3 SYSTEMPATH\BaseModel.php(656): CodeIgniter\Model->doFirst()
 4 APPPATH\Controllers\Login_controller.php(31): CodeIgniter\BaseModel->first()
 5 SYSTEMPATH\CodeIgniter.php(934): App\Controllers\Login_controller->login_usuario()
 6 SYSTEMPATH\CodeIgniter.php(499): CodeIgniter\CodeIgniter->runController(Object(App\Controllers\Login_controller))
 7 SYSTEMPATH\CodeIgniter.php(368): CodeIgniter\CodeIgniter->handleRequest(null, Object(Config\Cache), false)
 8 FCPATH\index.php(67): CodeIgniter\CodeIgniter->run()
CRITICAL - 2024-05-22 23:13:24 --> syntax error, unexpected variable "$data"
in APPPATH\Controllers\Producto_controller.php on line 99.
 1 SYSTEMPATH\Autoloader\Autoloader.php(289): CodeIgniter\Autoloader\Autoloader->includeFile('APPPATH\\Controllers\\Producto_controller.php')
 2 SYSTEMPATH\Autoloader\Autoloader.php(267): CodeIgniter\Autoloader\Autoloader->loadInNamespace('App\\Controllers\\Producto_controller')
 3 [internal function]: CodeIgniter\Autoloader\Autoloader->loadClass('App\\Controllers\\Producto_controller')
 4 SYSTEMPATH\CodeIgniter.php(892): class_exists('\\App\\Controllers\\Producto_controller', true)
 5 SYSTEMPATH\CodeIgniter.php(486): CodeIgniter\CodeIgniter->startController()
 6 SYSTEMPATH\CodeIgniter.php(368): CodeIgniter\CodeIgniter->handleRequest(null, Object(Config\Cache), false)
 7 FCPATH\index.php(67): CodeIgniter\CodeIgniter->run()
CRITICAL - 2024-05-22 23:33:30 --> syntax error, unexpected double-quoted string "></form>", expecting "," or ";"
in APPPATH\Views\GestionProductos.php on line 27.
 1 SYSTEMPATH\View\View.php(216): CodeIgniter\View\View->CodeIgniter\View\{closure}()
 2 SYSTEMPATH\Common.php(1184): CodeIgniter\View\View->render('GestionProductos', [], true)
 3 APPPATH\Controllers\Producto_controller.php(31): view('GestionProductos')
 4 SYSTEMPATH\CodeIgniter.php(934): App\Controllers\Producto_controller->gestion()
 5 SYSTEMPATH\CodeIgniter.php(499): CodeIgniter\CodeIgniter->runController(Object(App\Controllers\Producto_controller))
 6 SYSTEMPATH\CodeIgniter.php(368): CodeIgniter\CodeIgniter->handleRequest(null, Object(Config\Cache), false)
 7 FCPATH\index.php(67): CodeIgniter\CodeIgniter->run()
CRITICAL - 2024-05-22 23:33:34 --> syntax error, unexpected double-quoted string "></form>", expecting "," or ";"
in APPPATH\Views\GestionProductos.php on line 27.
 1 SYSTEMPATH\View\View.php(216): CodeIgniter\View\View->CodeIgniter\View\{closure}()
 2 SYSTEMPATH\Common.php(1184): CodeIgniter\View\View->render('GestionProductos', [], true)
 3 APPPATH\Controllers\Producto_controller.php(31): view('GestionProductos')
 4 SYSTEMPATH\CodeIgniter.php(934): App\Controllers\Producto_controller->gestion()
 5 SYSTEMPATH\CodeIgniter.php(499): CodeIgniter\CodeIgniter->runController(Object(App\Controllers\Producto_controller))
 6 SYSTEMPATH\CodeIgniter.php(368): CodeIgniter\CodeIgniter->handleRequest(null, Object(Config\Cache), false)
 7 FCPATH\index.php(67): CodeIgniter\CodeIgniter->run()
CRITICAL - 2024-05-22 23:33:36 --> syntax error, unexpected double-quoted string "></form>", expecting "," or ";"
in APPPATH\Views\GestionProductos.php on line 27.
 1 SYSTEMPATH\View\View.php(216): CodeIgniter\View\View->CodeIgniter\View\{closure}()
 2 SYSTEMPATH\Common.php(1184): CodeIgniter\View\View->render('GestionProductos', [], true)
 3 APPPATH\Controllers\Producto_controller.php(31): view('GestionProductos')
 4 SYSTEMPATH\CodeIgniter.php(934): App\Controllers\Producto_controller->gestion()
 5 SYSTEMPATH\CodeIgniter.php(499): CodeIgniter\CodeIgniter->runController(Object(App\Controllers\Producto_controller))
 6 SYSTEMPATH\CodeIgniter.php(368): CodeIgniter\CodeIgniter->handleRequest(null, Object(Config\Cache), false)
 7 FCPATH\index.php(67): CodeIgniter\CodeIgniter->run()
CRITICAL - 2024-05-22 23:33:36 --> syntax error, unexpected double-quoted string "></form>", expecting "," or ";"
in APPPATH\Views\GestionProductos.php on line 27.
 1 SYSTEMPATH\View\View.php(216): CodeIgniter\View\View->CodeIgniter\View\{closure}()
 2 SYSTEMPATH\Common.php(1184): CodeIgniter\View\View->render('GestionProductos', [], true)
 3 APPPATH\Controllers\Producto_controller.php(31): view('GestionProductos')
 4 SYSTEMPATH\CodeIgniter.php(934): App\Controllers\Producto_controller->gestion()
 5 SYSTEMPATH\CodeIgniter.php(499): CodeIgniter\CodeIgniter->runController(Object(App\Controllers\Producto_controller))
 6 SYSTEMPATH\CodeIgniter.php(368): CodeIgniter\CodeIgniter->handleRequest(null, Object(Config\Cache), false)
 7 FCPATH\index.php(67): CodeIgniter\CodeIgniter->run()
CRITICAL - 2024-05-22 23:59:39 --> Undefined variable $id
in APPPATH\Controllers\Producto_controller.php on line 106.
 1 APPPATH\Controllers\Producto_controller.php(106): CodeIgniter\Debug\Exceptions->errorHandler(2, 'Undefined variable $id', 'APPPATH\\Controllers\\Producto_controller.php', 106)
 2 SYSTEMPATH\CodeIgniter.php(934): App\Controllers\Producto_controller->activarProducto('12')
 3 SYSTEMPATH\CodeIgniter.php(499): CodeIgniter\CodeIgniter->runController(Object(App\Controllers\Producto_controller))
 4 SYSTEMPATH\CodeIgniter.php(368): CodeIgniter\CodeIgniter->handleRequest(null, Object(Config\Cache), false)
 5 FCPATH\index.php(67): CodeIgniter\CodeIgniter->run()
