CRITICAL - 2024-05-04 01:09:05 --> Invalid file: "contenidos/iniciarSesion.php"
in SYSTEMPATH\Exceptions\FrameworkException.php on line 33.
 1 SYSTEMPATH\View\View.php(201): CodeIgniter\Exceptions\FrameworkException::forInvalidFile('contenidos/iniciarSesion.php')
 2 SYSTEMPATH\Common.php(1184): CodeIgniter\View\View->render('contenidos/iniciarSesion.php', [], true)
 3 APPPATH\Views\Proyect.php(77): view('contenidos/iniciarSesion.php')
 4 SYSTEMPATH\View\View.php(213): include('APPPATH\\Views\\Proyect.php')
 5 SYSTEMPATH\View\View.php(216): CodeIgniter\View\View->CodeIgniter\View\{closure}()
 6 SYSTEMPATH\Common.php(1184): CodeIgniter\View\View->render('Proyect', [], true)
 7 APPPATH\Controllers\Home.php(9): view('Proyect')
 8 SYSTEMPATH\CodeIgniter.php(934): App\Controllers\Home->index()
 9 SYSTEMPATH\CodeIgniter.php(499): CodeIgniter\CodeIgniter->runController(Object(App\Controllers\Home))
10 SYSTEMPATH\CodeIgniter.php(368): CodeIgniter\CodeIgniter->handleRequest(null, Object(Config\Cache), false)
11 FCPATH\index.php(67): CodeIgniter\CodeIgniter->run()
CRITICAL - 2024-05-04 01:25:14 --> Call to undefined function form_open()
in APPPATH\Views\IniciarSesion.php on line 9.
 1 SYSTEMPATH\View\View.php(213): include()
 2 SYSTEMPATH\View\View.php(216): CodeIgniter\View\View->CodeIgniter\View\{closure}()
 3 SYSTEMPATH\Common.php(1184): CodeIgniter\View\View->render('IniciarSesion.php', [], true)
 4 APPPATH\Views\Proyect.php(49): view('IniciarSesion.php')
 5 SYSTEMPATH\View\View.php(213): include('APPPATH\\Views\\Proyect.php')
 6 SYSTEMPATH\View\View.php(216): CodeIgniter\View\View->CodeIgniter\View\{closure}()
 7 SYSTEMPATH\Common.php(1184): CodeIgniter\View\View->render('Proyect', [], true)
 8 APPPATH\Controllers\Home.php(9): view('Proyect')
 9 SYSTEMPATH\CodeIgniter.php(934): App\Controllers\Home->index()
10 SYSTEMPATH\CodeIgniter.php(499): CodeIgniter\CodeIgniter->runController(Object(App\Controllers\Home))
11 SYSTEMPATH\CodeIgniter.php(368): CodeIgniter\CodeIgniter->handleRequest(null, Object(Config\Cache), false)
12 FCPATH\index.php(67): CodeIgniter\CodeIgniter->run()
CRITICAL - 2024-05-04 15:13:20 --> Invalid file: "contenidos/iniciarSesion.php"
in SYSTEMPATH\Exceptions\FrameworkException.php on line 33.
 1 SYSTEMPATH\View\View.php(201): CodeIgniter\Exceptions\FrameworkException::forInvalidFile('contenidos/iniciarSesion.php')
 2 SYSTEMPATH\Common.php(1184): CodeIgniter\View\View->render('contenidos/iniciarSesion.php', [], true)
 3 APPPATH\Views\Proyect.php(103): view('contenidos/iniciarSesion.php')
 4 SYSTEMPATH\View\View.php(213): include('APPPATH\\Views\\Proyect.php')
 5 SYSTEMPATH\View\View.php(216): CodeIgniter\View\View->CodeIgniter\View\{closure}()
 6 SYSTEMPATH\Common.php(1184): CodeIgniter\View\View->render('Proyect', [], true)
 7 APPPATH\Controllers\Home.php(9): view('Proyect')
 8 SYSTEMPATH\CodeIgniter.php(934): App\Controllers\Home->index()
 9 SYSTEMPATH\CodeIgniter.php(499): CodeIgniter\CodeIgniter->runController(Object(App\Controllers\Home))
10 SYSTEMPATH\CodeIgniter.php(368): CodeIgniter\CodeIgniter->handleRequest(null, Object(Config\Cache), false)
11 FCPATH\index.php(67): CodeIgniter\CodeIgniter->run()
CRITICAL - 2024-05-04 15:14:12 --> Invalid file: "contenidos/iniciarSesion.php"
in SYSTEMPATH\Exceptions\FrameworkException.php on line 33.
 1 SYSTEMPATH\View\View.php(201): CodeIgniter\Exceptions\FrameworkException::forInvalidFile('contenidos/iniciarSesion.php')
 2 SYSTEMPATH\Common.php(1184): CodeIgniter\View\View->render('contenidos/iniciarSesion.php', [], true)
 3 APPPATH\Views\Proyect.php(91): view('contenidos/iniciarSesion.php')
 4 SYSTEMPATH\View\View.php(213): include('APPPATH\\Views\\Proyect.php')
 5 SYSTEMPATH\View\View.php(216): CodeIgniter\View\View->CodeIgniter\View\{closure}()
 6 SYSTEMPATH\Common.php(1184): CodeIgniter\View\View->render('Proyect', [], true)
 7 APPPATH\Controllers\Home.php(9): view('Proyect')
 8 SYSTEMPATH\CodeIgniter.php(934): App\Controllers\Home->index()
 9 SYSTEMPATH\CodeIgniter.php(499): CodeIgniter\CodeIgniter->runController(Object(App\Controllers\Home))
10 SYSTEMPATH\CodeIgniter.php(368): CodeIgniter\CodeIgniter->handleRequest(null, Object(Config\Cache), false)
11 FCPATH\index.php(67): CodeIgniter\CodeIgniter->run()
CRITICAL - 2024-05-04 15:14:38 --> Invalid file: "contenidos/iniciarSesion.php"
in SYSTEMPATH\Exceptions\FrameworkException.php on line 33.
 1 SYSTEMPATH\View\View.php(201): CodeIgniter\Exceptions\FrameworkException::forInvalidFile('contenidos/iniciarSesion.php')
 2 SYSTEMPATH\Common.php(1184): CodeIgniter\View\View->render('contenidos/iniciarSesion.php', [], true)
 3 APPPATH\Views\Proyect.php(91): view('contenidos/iniciarSesion.php')
 4 SYSTEMPATH\View\View.php(213): include('APPPATH\\Views\\Proyect.php')
 5 SYSTEMPATH\View\View.php(216): CodeIgniter\View\View->CodeIgniter\View\{closure}()
 6 SYSTEMPATH\Common.php(1184): CodeIgniter\View\View->render('Proyect', [], true)
 7 APPPATH\Controllers\Home.php(9): view('Proyect')
 8 SYSTEMPATH\CodeIgniter.php(934): App\Controllers\Home->index()
 9 SYSTEMPATH\CodeIgniter.php(499): CodeIgniter\CodeIgniter->runController(Object(App\Controllers\Home))
10 SYSTEMPATH\CodeIgniter.php(368): CodeIgniter\CodeIgniter->handleRequest(null, Object(Config\Cache), false)
11 FCPATH\index.php(67): CodeIgniter\CodeIgniter->run()
CRITICAL - 2024-05-04 15:14:40 --> Invalid file: "contenidos/iniciarSesion.php"
in SYSTEMPATH\Exceptions\FrameworkException.php on line 33.
 1 SYSTEMPATH\View\View.php(201): CodeIgniter\Exceptions\FrameworkException::forInvalidFile('contenidos/iniciarSesion.php')
 2 SYSTEMPATH\Common.php(1184): CodeIgniter\View\View->render('contenidos/iniciarSesion.php', [], true)
 3 APPPATH\Views\Proyect.php(91): view('contenidos/iniciarSesion.php')
 4 SYSTEMPATH\View\View.php(213): include('APPPATH\\Views\\Proyect.php')
 5 SYSTEMPATH\View\View.php(216): CodeIgniter\View\View->CodeIgniter\View\{closure}()
 6 SYSTEMPATH\Common.php(1184): CodeIgniter\View\View->render('Proyect', [], true)
 7 APPPATH\Controllers\Home.php(9): view('Proyect')
 8 SYSTEMPATH\CodeIgniter.php(934): App\Controllers\Home->index()
 9 SYSTEMPATH\CodeIgniter.php(499): CodeIgniter\CodeIgniter->runController(Object(App\Controllers\Home))
10 SYSTEMPATH\CodeIgniter.php(368): CodeIgniter\CodeIgniter->handleRequest(null, Object(Config\Cache), false)
11 FCPATH\index.php(67): CodeIgniter\CodeIgniter->run()
CRITICAL - 2024-05-04 15:24:04 --> Undefined constant "img"
in APPPATH\Views\Principal.php on line 6.
 1 SYSTEMPATH\View\View.php(213): include()
 2 SYSTEMPATH\View\View.php(216): CodeIgniter\View\View->CodeIgniter\View\{closure}()
 3 SYSTEMPATH\Common.php(1184): CodeIgniter\View\View->render('Principal', [], true)
 4 APPPATH\Controllers\Home.php(9): view('Principal')
 5 SYSTEMPATH\CodeIgniter.php(934): App\Controllers\Home->index()
 6 SYSTEMPATH\CodeIgniter.php(499): CodeIgniter\CodeIgniter->runController(Object(App\Controllers\Home))
 7 SYSTEMPATH\CodeIgniter.php(368): CodeIgniter\CodeIgniter->handleRequest(null, Object(Config\Cache), false)
 8 FCPATH\index.php(67): CodeIgniter\CodeIgniter->run()
CRITICAL - 2024-05-04 16:07:03 --> Call to undefined function form_open()
in APPPATH\Views\IniciarSesion.php on line 9.
 1 SYSTEMPATH\View\View.php(213): include()
 2 SYSTEMPATH\View\View.php(216): CodeIgniter\View\View->CodeIgniter\View\{closure}()
 3 SYSTEMPATH\Common.php(1184): CodeIgniter\View\View->render('IniciarSesion.php', [], true)
 4 APPPATH\Views\Proyect.php(73): view('IniciarSesion.php')
 5 SYSTEMPATH\View\View.php(213): include('APPPATH\\Views\\Proyect.php')
 6 SYSTEMPATH\View\View.php(216): CodeIgniter\View\View->CodeIgniter\View\{closure}()
 7 SYSTEMPATH\Common.php(1184): CodeIgniter\View\View->render('Proyect', [], true)
 8 APPPATH\Controllers\Home.php(9): view('Proyect')
 9 SYSTEMPATH\CodeIgniter.php(934): App\Controllers\Home->index()
10 SYSTEMPATH\CodeIgniter.php(499): CodeIgniter\CodeIgniter->runController(Object(App\Controllers\Home))
11 SYSTEMPATH\CodeIgniter.php(368): CodeIgniter\CodeIgniter->handleRequest(null, Object(Config\Cache), false)
12 FCPATH\index.php(67): CodeIgniter\CodeIgniter->run()
CRITICAL - 2024-05-04 16:11:20 --> Call to undefined function form_open()
in APPPATH\Views\IniciarSesion.php on line 9.
 1 SYSTEMPATH\View\View.php(213): include()
 2 SYSTEMPATH\View\View.php(216): CodeIgniter\View\View->CodeIgniter\View\{closure}()
 3 SYSTEMPATH\Common.php(1184): CodeIgniter\View\View->render('IniciarSesion.php', [], true)
 4 APPPATH\Views\Proyect.php(73): view('IniciarSesion.php')
 5 SYSTEMPATH\View\View.php(213): include('APPPATH\\Views\\Proyect.php')
 6 SYSTEMPATH\View\View.php(216): CodeIgniter\View\View->CodeIgniter\View\{closure}()
 7 SYSTEMPATH\Common.php(1184): CodeIgniter\View\View->render('Proyect', [], true)
 8 APPPATH\Controllers\Home.php(9): view('Proyect')
 9 SYSTEMPATH\CodeIgniter.php(934): App\Controllers\Home->index()
10 SYSTEMPATH\CodeIgniter.php(499): CodeIgniter\CodeIgniter->runController(Object(App\Controllers\Home))
11 SYSTEMPATH\CodeIgniter.php(368): CodeIgniter\CodeIgniter->handleRequest(null, Object(Config\Cache), false)
12 FCPATH\index.php(67): CodeIgniter\CodeIgniter->run()
CRITICAL - 2024-05-04 18:56:18 --> Invalid file: "contenidos/iniciarSesion.php"
in SYSTEMPATH\Exceptions\FrameworkException.php on line 33.
 1 SYSTEMPATH\View\View.php(201): CodeIgniter\Exceptions\FrameworkException::forInvalidFile('contenidos/iniciarSesion.php')
 2 SYSTEMPATH\Common.php(1184): CodeIgniter\View\View->render('contenidos/iniciarSesion.php', [], true)
 3 APPPATH\Views\Proyect.php(75): view('contenidos/iniciarSesion.php')
 4 SYSTEMPATH\View\View.php(213): include('APPPATH\\Views\\Proyect.php')
 5 SYSTEMPATH\View\View.php(216): CodeIgniter\View\View->CodeIgniter\View\{closure}()
 6 SYSTEMPATH\Common.php(1184): CodeIgniter\View\View->render('Proyect', [], true)
 7 APPPATH\Controllers\Home.php(9): view('Proyect')
 8 SYSTEMPATH\CodeIgniter.php(934): App\Controllers\Home->index()
 9 SYSTEMPATH\CodeIgniter.php(499): CodeIgniter\CodeIgniter->runController(Object(App\Controllers\Home))
10 SYSTEMPATH\CodeIgniter.php(368): CodeIgniter\CodeIgniter->handleRequest(null, Object(Config\Cache), false)
11 FCPATH\index.php(67): CodeIgniter\CodeIgniter->run()
CRITICAL - 2024-05-04 19:27:28 --> Call to undefined function form_open()
in APPPATH\Views\Contacto.php on line 31.
 1 SYSTEMPATH\View\View.php(213): include()
 2 SYSTEMPATH\View\View.php(216): CodeIgniter\View\View->CodeIgniter\View\{closure}()
 3 SYSTEMPATH\Common.php(1184): CodeIgniter\View\View->render('Contacto', [], true)
 4 APPPATH\Controllers\Home.php(21): view('Contacto')
 5 SYSTEMPATH\CodeIgniter.php(934): App\Controllers\Home->contacto()
 6 SYSTEMPATH\CodeIgniter.php(499): CodeIgniter\CodeIgniter->runController(Object(App\Controllers\Home))
 7 SYSTEMPATH\CodeIgniter.php(368): CodeIgniter\CodeIgniter->handleRequest(null, Object(Config\Cache), false)
 8 FCPATH\index.php(67): CodeIgniter\CodeIgniter->run()
CRITICAL - 2024-05-04 19:27:46 --> Call to undefined function form_open()
in APPPATH\Views\Contacto.php on line 26.
 1 SYSTEMPATH\View\View.php(213): include()
 2 SYSTEMPATH\View\View.php(216): CodeIgniter\View\View->CodeIgniter\View\{closure}()
 3 SYSTEMPATH\Common.php(1184): CodeIgniter\View\View->render('Contacto', [], true)
 4 APPPATH\Controllers\Home.php(21): view('Contacto')
 5 SYSTEMPATH\CodeIgniter.php(934): App\Controllers\Home->contacto()
 6 SYSTEMPATH\CodeIgniter.php(499): CodeIgniter\CodeIgniter->runController(Object(App\Controllers\Home))
 7 SYSTEMPATH\CodeIgniter.php(368): CodeIgniter\CodeIgniter->handleRequest(null, Object(Config\Cache), false)
 8 FCPATH\index.php(67): CodeIgniter\CodeIgniter->run()
CRITICAL - 2024-05-04 19:28:03 --> Call to undefined function form_open()
in APPPATH\Views\Contacto.php on line 26.
 1 SYSTEMPATH\View\View.php(213): include()
 2 SYSTEMPATH\View\View.php(216): CodeIgniter\View\View->CodeIgniter\View\{closure}()
 3 SYSTEMPATH\Common.php(1184): CodeIgniter\View\View->render('Contacto', [], true)
 4 APPPATH\Controllers\Home.php(21): view('Contacto')
 5 SYSTEMPATH\CodeIgniter.php(934): App\Controllers\Home->contacto()
 6 SYSTEMPATH\CodeIgniter.php(499): CodeIgniter\CodeIgniter->runController(Object(App\Controllers\Home))
 7 SYSTEMPATH\CodeIgniter.php(368): CodeIgniter\CodeIgniter->handleRequest(null, Object(Config\Cache), false)
 8 FCPATH\index.php(67): CodeIgniter\CodeIgniter->run()
