CRITICAL - 2024-05-23 14:09:12 --> The route for "iniciarSesion" cannot be found.
in SYSTEMPATH\HTTP\RedirectResponse.php on line 60.
 1 SYSTEMPATH\HTTP\RedirectResponse.php(60): CodeIgniter\HTTP\Exceptions\HTTPException::forInvalidRedirectRoute('iniciarSesion')
 2 APPPATH\Filters\Auth.php(15): CodeIgniter\HTTP\RedirectResponse->route(false)
 3 SYSTEMPATH\Filters\Filters.php(173): App\Filters\Auth->before(Object(CodeIgniter\HTTP\IncomingRequest), null)
 4 SYSTEMPATH\CodeIgniter.php(473): CodeIgniter\Filters\Filters->run('verConsultas', 'before')
 5 SYSTEMPATH\CodeIgniter.php(368): CodeIgniter\CodeIgniter->handleRequest(null, Object(Config\Cache), false)
 6 FCPATH\index.php(67): CodeIgniter\CodeIgniter->run()
CRITICAL - 2024-05-23 14:09:17 --> The route for "iniciarSesion" cannot be found.
in SYSTEMPATH\HTTP\RedirectResponse.php on line 60.
 1 SYSTEMPATH\HTTP\RedirectResponse.php(60): CodeIgniter\HTTP\Exceptions\HTTPException::forInvalidRedirectRoute('iniciarSesion')
 2 APPPATH\Filters\Auth.php(15): CodeIgniter\HTTP\RedirectResponse->route(false)
 3 SYSTEMPATH\Filters\Filters.php(173): App\Filters\Auth->before(Object(CodeIgniter\HTTP\IncomingRequest), null)
 4 SYSTEMPATH\CodeIgniter.php(473): CodeIgniter\Filters\Filters->run('verConsultas', 'before')
 5 SYSTEMPATH\CodeIgniter.php(368): CodeIgniter\CodeIgniter->handleRequest(null, Object(Config\Cache), false)
 6 FCPATH\index.php(67): CodeIgniter\CodeIgniter->run()
CRITICAL - 2024-05-23 14:09:29 --> The route for "iniciarSesion" cannot be found.
in SYSTEMPATH\HTTP\RedirectResponse.php on line 60.
 1 SYSTEMPATH\HTTP\RedirectResponse.php(60): CodeIgniter\HTTP\Exceptions\HTTPException::forInvalidRedirectRoute('iniciarSesion')
 2 APPPATH\Filters\Auth.php(15): CodeIgniter\HTTP\RedirectResponse->route(false)
 3 SYSTEMPATH\Filters\Filters.php(173): App\Filters\Auth->before(Object(CodeIgniter\HTTP\IncomingRequest), null)
 4 SYSTEMPATH\CodeIgniter.php(473): CodeIgniter\Filters\Filters->run('verConsultas', 'before')
 5 SYSTEMPATH\CodeIgniter.php(368): CodeIgniter\CodeIgniter->handleRequest(null, Object(Config\Cache), false)
 6 FCPATH\index.php(67): CodeIgniter\CodeIgniter->run()
CRITICAL - 2024-05-23 14:11:18 --> The route for "iniciarSesion" cannot be found.
in SYSTEMPATH\HTTP\RedirectResponse.php on line 60.
 1 SYSTEMPATH\HTTP\RedirectResponse.php(60): CodeIgniter\HTTP\Exceptions\HTTPException::forInvalidRedirectRoute('iniciarSesion')
 2 APPPATH\Filters\Auth.php(15): CodeIgniter\HTTP\RedirectResponse->route(false)
 3 SYSTEMPATH\Filters\Filters.php(173): App\Filters\Auth->before(Object(CodeIgniter\HTTP\IncomingRequest), null)
 4 SYSTEMPATH\CodeIgniter.php(473): CodeIgniter\Filters\Filters->run('verConsultas', 'before')
 5 SYSTEMPATH\CodeIgniter.php(368): CodeIgniter\CodeIgniter->handleRequest(null, Object(Config\Cache), false)
 6 FCPATH\index.php(67): CodeIgniter\CodeIgniter->run()
CRITICAL - 2024-05-23 15:27:30 --> Undefined variable $categorias
in APPPATH\Views\Form_altaProducto.php on line 70.
 1 APPPATH\Views\Form_altaProducto.php(70): CodeIgniter\Debug\Exceptions->errorHandler(2, 'Undefined variable $categorias', 'APPPATH\\Views\\Form_altaProducto.php', 70)
 2 SYSTEMPATH\View\View.php(213): include('APPPATH\\Views\\Form_altaProducto.php')
 3 SYSTEMPATH\View\View.php(216): CodeIgniter\View\View->CodeIgniter\View\{closure}()
 4 SYSTEMPATH\Common.php(1184): CodeIgniter\View\View->render('Form_altaProducto', [], true)
 5 APPPATH\Controllers\Producto_controller.php(84): view('Form_altaProducto')
 6 SYSTEMPATH\CodeIgniter.php(934): App\Controllers\Producto_controller->agregar()
 7 SYSTEMPATH\CodeIgniter.php(499): CodeIgniter\CodeIgniter->runController(Object(App\Controllers\Producto_controller))
 8 SYSTEMPATH\CodeIgniter.php(368): CodeIgniter\CodeIgniter->handleRequest(null, Object(Config\Cache), false)
 9 FCPATH\index.php(67): CodeIgniter\CodeIgniter->run()
CRITICAL - 2024-05-23 20:55:10 --> Class "App\Controllers\Consulta_model" not found
in APPPATH\Controllers\Contacto_controller.php on line 33.
 1 SYSTEMPATH\CodeIgniter.php(934): App\Controllers\Contacto_controller->formValidation()
 2 SYSTEMPATH\CodeIgniter.php(499): CodeIgniter\CodeIgniter->runController(Object(App\Controllers\Contacto_controller))
 3 SYSTEMPATH\CodeIgniter.php(368): CodeIgniter\CodeIgniter->handleRequest(null, Object(Config\Cache), false)
 4 FCPATH\index.php(67): CodeIgniter\CodeIgniter->run()
CRITICAL - 2024-05-23 20:58:00 --> Class "App\Controllers\Consulta_model" not found
in APPPATH\Controllers\Contacto_controller.php on line 33.
 1 SYSTEMPATH\CodeIgniter.php(934): App\Controllers\Contacto_controller->formValidation()
 2 SYSTEMPATH\CodeIgniter.php(499): CodeIgniter\CodeIgniter->runController(Object(App\Controllers\Contacto_controller))
 3 SYSTEMPATH\CodeIgniter.php(368): CodeIgniter\CodeIgniter->handleRequest(null, Object(Config\Cache), false)
 4 FCPATH\index.php(67): CodeIgniter\CodeIgniter->run()
CRITICAL - 2024-05-23 21:00:36 --> Undefined array key "id_contacto"
in APPPATH\Views\Consultas.php on line 32.
 1 APPPATH\Views\Consultas.php(32): CodeIgniter\Debug\Exceptions->errorHandler(2, 'Undefined array key "id_contacto"', 'APPPATH\\Views\\Consultas.php', 32)
 2 SYSTEMPATH\View\View.php(213): include('APPPATH\\Views\\Consultas.php')
 3 SYSTEMPATH\View\View.php(216): CodeIgniter\View\View->CodeIgniter\View\{closure}()
 4 SYSTEMPATH\Common.php(1184): CodeIgniter\View\View->render('Consultas', [], true)
 5 APPPATH\Controllers\Admin_controller.php(26): view('Consultas')
 6 SYSTEMPATH\CodeIgniter.php(934): App\Controllers\Admin_controller->verConsultas()
 7 SYSTEMPATH\CodeIgniter.php(499): CodeIgniter\CodeIgniter->runController(Object(App\Controllers\Admin_controller))
 8 SYSTEMPATH\CodeIgniter.php(368): CodeIgniter\CodeIgniter->handleRequest(null, Object(Config\Cache), false)
 9 FCPATH\index.php(67): CodeIgniter\CodeIgniter->run()
CRITICAL - 2024-05-23 21:01:16 --> Undefined variable $contacto
in APPPATH\Views\Consultas.php on line 55.
 1 APPPATH\Views\Consultas.php(55): CodeIgniter\Debug\Exceptions->errorHandler(2, 'Undefined variable $contacto', 'APPPATH\\Views\\Consultas.php', 55)
 2 SYSTEMPATH\View\View.php(213): include('APPPATH\\Views\\Consultas.php')
 3 SYSTEMPATH\View\View.php(216): CodeIgniter\View\View->CodeIgniter\View\{closure}()
 4 SYSTEMPATH\Common.php(1184): CodeIgniter\View\View->render('Consultas', [], true)
 5 APPPATH\Controllers\Admin_controller.php(26): view('Consultas')
 6 SYSTEMPATH\CodeIgniter.php(934): App\Controllers\Admin_controller->verConsultas()
 7 SYSTEMPATH\CodeIgniter.php(499): CodeIgniter\CodeIgniter->runController(Object(App\Controllers\Admin_controller))
 8 SYSTEMPATH\CodeIgniter.php(368): CodeIgniter\CodeIgniter->handleRequest(null, Object(Config\Cache), false)
 9 FCPATH\index.php(67): CodeIgniter\CodeIgniter->run()
CRITICAL - 2024-05-23 21:07:07 --> Class "App\Controllers\Consultas_model" not found
in APPPATH\Controllers\Admin_controller.php on line 18.
 1 SYSTEMPATH\CodeIgniter.php(934): App\Controllers\Admin_controller->mostrarConsultas()
 2 SYSTEMPATH\CodeIgniter.php(499): CodeIgniter\CodeIgniter->runController(Object(App\Controllers\Admin_controller))
 3 SYSTEMPATH\CodeIgniter.php(368): CodeIgniter\CodeIgniter->handleRequest(null, Object(Config\Cache), false)
 4 FCPATH\index.php(67): CodeIgniter\CodeIgniter->run()
CRITICAL - 2024-05-23 21:07:31 --> Class "App\Controllers\Consultas_model" not found
in APPPATH\Controllers\Admin_controller.php on line 19.
 1 SYSTEMPATH\CodeIgniter.php(934): App\Controllers\Admin_controller->mostrarConsultas()
 2 SYSTEMPATH\CodeIgniter.php(499): CodeIgniter\CodeIgniter->runController(Object(App\Controllers\Admin_controller))
 3 SYSTEMPATH\CodeIgniter.php(368): CodeIgniter\CodeIgniter->handleRequest(null, Object(Config\Cache), false)
 4 FCPATH\index.php(67): CodeIgniter\CodeIgniter->run()
CRITICAL - 2024-05-23 21:07:34 --> Class "App\Controllers\Consultas_model" not found
in APPPATH\Controllers\Admin_controller.php on line 19.
 1 SYSTEMPATH\CodeIgniter.php(934): App\Controllers\Admin_controller->mostrarConsultas()
 2 SYSTEMPATH\CodeIgniter.php(499): CodeIgniter\CodeIgniter->runController(Object(App\Controllers\Admin_controller))
 3 SYSTEMPATH\CodeIgniter.php(368): CodeIgniter\CodeIgniter->handleRequest(null, Object(Config\Cache), false)
 4 FCPATH\index.php(67): CodeIgniter\CodeIgniter->run()
