CRITICAL - 2024-05-26 21:54:53 --> Cannot redeclare App\Controllers\Producto_controller::mostrarProductos()
in APPPATH\Controllers\Producto_controller.php on line 131.
 1 [internal function]: CodeIgniter\Debug\Exceptions->shutdownHandler()
CRITICAL - 2024-05-26 21:55:57 --> Undefined variable $categorias
in APPPATH\Views\Catalogo.php on line 8.
 1 APPPATH\Views\Catalogo.php(8): CodeIgniter\Debug\Exceptions->errorHandler(2, 'Undefined variable $categorias', 'APPPATH\\Views\\Catalogo.php', 8)
 2 SYSTEMPATH\View\View.php(213): include('APPPATH\\Views\\Catalogo.php')
 3 SYSTEMPATH\View\View.php(216): CodeIgniter\View\View->CodeIgniter\View\{closure}()
 4 SYSTEMPATH\Common.php(1184): CodeIgniter\View\View->render('Catalogo', [], true)
 5 APPPATH\Controllers\Producto_controller.php(126): view('Catalogo')
 6 SYSTEMPATH\CodeIgniter.php(934): App\Controllers\Producto_controller->verCatalogo()
 7 SYSTEMPATH\CodeIgniter.php(499): CodeIgniter\CodeIgniter->runController(Object(App\Controllers\Producto_controller))
 8 SYSTEMPATH\CodeIgniter.php(368): CodeIgniter\CodeIgniter->handleRequest(null, Object(Config\Cache), false)
 9 FCPATH\index.php(67): CodeIgniter\CodeIgniter->run()
CRITICAL - 2024-05-26 21:59:07 --> Undefined variable $categorias
in APPPATH\Views\Catalogo.php on line 7.
 1 APPPATH\Views\Catalogo.php(7): CodeIgniter\Debug\Exceptions->errorHandler(2, 'Undefined variable $categorias', 'APPPATH\\Views\\Catalogo.php', 7)
 2 SYSTEMPATH\View\View.php(213): include('APPPATH\\Views\\Catalogo.php')
 3 SYSTEMPATH\View\View.php(216): CodeIgniter\View\View->CodeIgniter\View\{closure}()
 4 SYSTEMPATH\Common.php(1184): CodeIgniter\View\View->render('Catalogo', [], true)
 5 APPPATH\Controllers\Producto_controller.php(126): view('Catalogo')
 6 SYSTEMPATH\CodeIgniter.php(934): App\Controllers\Producto_controller->verCatalogo()
 7 SYSTEMPATH\CodeIgniter.php(499): CodeIgniter\CodeIgniter->runController(Object(App\Controllers\Producto_controller))
 8 SYSTEMPATH\CodeIgniter.php(368): CodeIgniter\CodeIgniter->handleRequest(null, Object(Config\Cache), false)
 9 FCPATH\index.php(67): CodeIgniter\CodeIgniter->run()
CRITICAL - 2024-05-26 22:05:59 --> Undefined variable $categorias
in APPPATH\Views\Catalogo.php on line 7.
 1 APPPATH\Views\Catalogo.php(7): CodeIgniter\Debug\Exceptions->errorHandler(2, 'Undefined variable $categorias', 'APPPATH\\Views\\Catalogo.php', 7)
 2 SYSTEMPATH\View\View.php(213): include('APPPATH\\Views\\Catalogo.php')
 3 SYSTEMPATH\View\View.php(216): CodeIgniter\View\View->CodeIgniter\View\{closure}()
 4 SYSTEMPATH\Common.php(1184): CodeIgniter\View\View->render('Catalogo', [], true)
 5 APPPATH\Controllers\Producto_controller.php(126): view('Catalogo')
 6 SYSTEMPATH\CodeIgniter.php(934): App\Controllers\Producto_controller->verCatalogo()
 7 SYSTEMPATH\CodeIgniter.php(499): CodeIgniter\CodeIgniter->runController(Object(App\Controllers\Producto_controller))
 8 SYSTEMPATH\CodeIgniter.php(368): CodeIgniter\CodeIgniter->handleRequest(null, Object(Config\Cache), false)
 9 FCPATH\index.php(67): CodeIgniter\CodeIgniter->run()
CRITICAL - 2024-05-26 22:06:06 --> Undefined variable $categorias
in APPPATH\Views\Catalogo.php on line 7.
 1 APPPATH\Views\Catalogo.php(7): CodeIgniter\Debug\Exceptions->errorHandler(2, 'Undefined variable $categorias', 'APPPATH\\Views\\Catalogo.php', 7)
 2 SYSTEMPATH\View\View.php(213): include('APPPATH\\Views\\Catalogo.php')
 3 SYSTEMPATH\View\View.php(216): CodeIgniter\View\View->CodeIgniter\View\{closure}()
 4 SYSTEMPATH\Common.php(1184): CodeIgniter\View\View->render('Catalogo', [], true)
 5 APPPATH\Controllers\Producto_controller.php(126): view('Catalogo')
 6 SYSTEMPATH\CodeIgniter.php(934): App\Controllers\Producto_controller->verCatalogo()
 7 SYSTEMPATH\CodeIgniter.php(499): CodeIgniter\CodeIgniter->runController(Object(App\Controllers\Producto_controller))
 8 SYSTEMPATH\CodeIgniter.php(368): CodeIgniter\CodeIgniter->handleRequest(null, Object(Config\Cache), false)
 9 FCPATH\index.php(67): CodeIgniter\CodeIgniter->run()
CRITICAL - 2024-05-26 22:06:10 --> Undefined variable $categorias
in APPPATH\Views\Catalogo.php on line 7.
 1 APPPATH\Views\Catalogo.php(7): CodeIgniter\Debug\Exceptions->errorHandler(2, 'Undefined variable $categorias', 'APPPATH\\Views\\Catalogo.php', 7)
 2 SYSTEMPATH\View\View.php(213): include('APPPATH\\Views\\Catalogo.php')
 3 SYSTEMPATH\View\View.php(216): CodeIgniter\View\View->CodeIgniter\View\{closure}()
 4 SYSTEMPATH\Common.php(1184): CodeIgniter\View\View->render('Catalogo', [], true)
 5 APPPATH\Controllers\Producto_controller.php(126): view('Catalogo')
 6 SYSTEMPATH\CodeIgniter.php(934): App\Controllers\Producto_controller->verCatalogo()
 7 SYSTEMPATH\CodeIgniter.php(499): CodeIgniter\CodeIgniter->runController(Object(App\Controllers\Producto_controller))
 8 SYSTEMPATH\CodeIgniter.php(368): CodeIgniter\CodeIgniter->handleRequest(null, Object(Config\Cache), false)
 9 FCPATH\index.php(67): CodeIgniter\CodeIgniter->run()
CRITICAL - 2024-05-26 22:06:34 --> Undefined variable $categorias
in APPPATH\Views\Catalogo.php on line 7.
 1 APPPATH\Views\Catalogo.php(7): CodeIgniter\Debug\Exceptions->errorHandler(2, 'Undefined variable $categorias', 'APPPATH\\Views\\Catalogo.php', 7)
 2 SYSTEMPATH\View\View.php(213): include('APPPATH\\Views\\Catalogo.php')
 3 SYSTEMPATH\View\View.php(216): CodeIgniter\View\View->CodeIgniter\View\{closure}()
 4 SYSTEMPATH\Common.php(1184): CodeIgniter\View\View->render('Catalogo', [], true)
 5 APPPATH\Controllers\Producto_controller.php(126): view('Catalogo')
 6 SYSTEMPATH\CodeIgniter.php(934): App\Controllers\Producto_controller->verCatalogo()
 7 SYSTEMPATH\CodeIgniter.php(499): CodeIgniter\CodeIgniter->runController(Object(App\Controllers\Producto_controller))
 8 SYSTEMPATH\CodeIgniter.php(368): CodeIgniter\CodeIgniter->handleRequest(null, Object(Config\Cache), false)
 9 FCPATH\index.php(67): CodeIgniter\CodeIgniter->run()
ERROR - 2024-05-26 22:13:33 --> Error connecting to the database: mysqli_sql_exception: No se puede establecer una conexión ya que el equipo de destino denegó expresamente dicha conexión in C:\xampp\htdocs\proyecto_Lu_Teves\system\Database\MySQLi\Connection.php:174
Stack trace:
#0 C:\xampp\htdocs\proyecto_Lu_Teves\system\Database\MySQLi\Connection.php(174): mysqli->real_connect('localhost', 'root', '', 'bd_lu_teves', 3306, '', 0)
#1 C:\xampp\htdocs\proyecto_Lu_Teves\system\Database\BaseConnection.php(391): CodeIgniter\Database\MySQLi\Connection->connect(false)
#2 C:\xampp\htdocs\proyecto_Lu_Teves\system\Database\BaseConnection.php(573): CodeIgniter\Database\BaseConnection->initialize()
#3 C:\xampp\htdocs\proyecto_Lu_Teves\system\Database\BaseBuilder.php(2476): CodeIgniter\Database\BaseConnection->query('UPDATE `product...', Array, false)
#4 C:\xampp\htdocs\proyecto_Lu_Teves\system\Model.php(396): CodeIgniter\Database\BaseBuilder->update()
#5 C:\xampp\htdocs\proyecto_Lu_Teves\system\BaseModel.php(943): CodeIgniter\Model->doUpdate(Array, Array)
#6 C:\xampp\htdocs\proyecto_Lu_Teves\system\Model.php(756): CodeIgniter\BaseModel->update(Array, Array)
#7 C:\xampp\htdocs\proyecto_Lu_Teves\app\Models\Producto_model.php(32): CodeIgniter\Model->update('17', Array)
#8 C:\xampp\htdocs\proyecto_Lu_Teves\app\Models\Producto_model.php(37): App\Models\Producto_model->actualizarProducto('17', Array)
#9 C:\xampp\htdocs\proyecto_Lu_Teves\app\Controllers\Producto_controller.php(99): App\Models\Producto_model->eliminarProducto('17')
#10 C:\xampp\htdocs\proyecto_Lu_Teves\system\CodeIgniter.php(934): App\Controllers\Producto_controller->eliminarProducto('17')
#11 C:\xampp\htdocs\proyecto_Lu_Teves\system\CodeIgniter.php(499): CodeIgniter\CodeIgniter->runController(Object(App\Controllers\Producto_controller))
#12 C:\xampp\htdocs\proyecto_Lu_Teves\system\CodeIgniter.php(368): CodeIgniter\CodeIgniter->handleRequest(NULL, Object(Config\Cache), false)
#13 C:\xampp\htdocs\proyecto_Lu_Teves\index.php(67): CodeIgniter\CodeIgniter->run()
#14 {main}

Next CodeIgniter\Database\Exceptions\DatabaseException: No se puede establecer una conexión ya que el equipo de destino denegó expresamente dicha conexión in C:\xampp\htdocs\proyecto_Lu_Teves\system\Database\MySQLi\Connection.php:218
Stack trace:
#0 C:\xampp\htdocs\proyecto_Lu_Teves\system\Database\BaseConnection.php(391): CodeIgniter\Database\MySQLi\Connection->connect(false)
#1 C:\xampp\htdocs\proyecto_Lu_Teves\system\Database\BaseConnection.php(573): CodeIgniter\Database\BaseConnection->initialize()
#2 C:\xampp\htdocs\proyecto_Lu_Teves\system\Database\BaseBuilder.php(2476): CodeIgniter\Database\BaseConnection->query('UPDATE `product...', Array, false)
#3 C:\xampp\htdocs\proyecto_Lu_Teves\system\Model.php(396): CodeIgniter\Database\BaseBuilder->update()
#4 C:\xampp\htdocs\proyecto_Lu_Teves\system\BaseModel.php(943): CodeIgniter\Model->doUpdate(Array, Array)
#5 C:\xampp\htdocs\proyecto_Lu_Teves\system\Model.php(756): CodeIgniter\BaseModel->update(Array, Array)
#6 C:\xampp\htdocs\proyecto_Lu_Teves\app\Models\Producto_model.php(32): CodeIgniter\Model->update('17', Array)
#7 C:\xampp\htdocs\proyecto_Lu_Teves\app\Models\Producto_model.php(37): App\Models\Producto_model->actualizarProducto('17', Array)
#8 C:\xampp\htdocs\proyecto_Lu_Teves\app\Controllers\Producto_controller.php(99): App\Models\Producto_model->eliminarProducto('17')
#9 C:\xampp\htdocs\proyecto_Lu_Teves\system\CodeIgniter.php(934): App\Controllers\Producto_controller->eliminarProducto('17')
#10 C:\xampp\htdocs\proyecto_Lu_Teves\system\CodeIgniter.php(499): CodeIgniter\CodeIgniter->runController(Object(App\Controllers\Producto_controller))
#11 C:\xampp\htdocs\proyecto_Lu_Teves\system\CodeIgniter.php(368): CodeIgniter\CodeIgniter->handleRequest(NULL, Object(Config\Cache), false)
#12 C:\xampp\htdocs\proyecto_Lu_Teves\index.php(67): CodeIgniter\CodeIgniter->run()
#13 {main}
CRITICAL - 2024-05-26 22:13:33 --> Unable to connect to the database.
Main connection [MySQLi]: No se puede establecer una conexión ya que el equipo de destino denegó expresamente dicha conexión
in SYSTEMPATH\Database\BaseConnection.php on line 427.
 1 SYSTEMPATH\Database\BaseConnection.php(573): CodeIgniter\Database\BaseConnection->initialize()
 2 SYSTEMPATH\Database\BaseBuilder.php(2476): CodeIgniter\Database\BaseConnection->query('UPDATE `productos` SET `producto_estado` = :producto_estado:
WHERE `productos`.`id_producto` IN :productos.id_producto:', [...], false)
 3 SYSTEMPATH\Model.php(396): CodeIgniter\Database\BaseBuilder->update()
 4 SYSTEMPATH\BaseModel.php(943): CodeIgniter\Model->doUpdate([...], [...])
 5 SYSTEMPATH\Model.php(756): CodeIgniter\BaseModel->update([...], [...])
 6 APPPATH\Models\Producto_model.php(32): CodeIgniter\Model->update('17', [...])
 7 APPPATH\Models\Producto_model.php(37): App\Models\Producto_model->actualizarProducto('17', [...])
 8 APPPATH\Controllers\Producto_controller.php(99): App\Models\Producto_model->eliminarProducto('17')
 9 SYSTEMPATH\CodeIgniter.php(934): App\Controllers\Producto_controller->eliminarProducto('17')
10 SYSTEMPATH\CodeIgniter.php(499): CodeIgniter\CodeIgniter->runController(Object(App\Controllers\Producto_controller))
11 SYSTEMPATH\CodeIgniter.php(368): CodeIgniter\CodeIgniter->handleRequest(null, Object(Config\Cache), false)
12 FCPATH\index.php(67): CodeIgniter\CodeIgniter->run()
CRITICAL - 2024-05-26 23:10:32 --> Undefined variable $categorias
in APPPATH\Views\GestionProductos.php on line 13.
 1 APPPATH\Views\GestionProductos.php(13): CodeIgniter\Debug\Exceptions->errorHandler(2, 'Undefined variable $categorias', 'APPPATH\\Views\\GestionProductos.php', 13)
 2 SYSTEMPATH\View\View.php(213): include('APPPATH\\Views\\GestionProductos.php')
 3 SYSTEMPATH\View\View.php(216): CodeIgniter\View\View->CodeIgniter\View\{closure}()
 4 SYSTEMPATH\Common.php(1184): CodeIgniter\View\View->render('GestionProductos', [], true)
 5 APPPATH\Controllers\Producto_controller.php(31): view('GestionProductos')
 6 SYSTEMPATH\CodeIgniter.php(934): App\Controllers\Producto_controller->gestion()
 7 SYSTEMPATH\CodeIgniter.php(499): CodeIgniter\CodeIgniter->runController(Object(App\Controllers\Producto_controller))
 8 SYSTEMPATH\CodeIgniter.php(368): CodeIgniter\CodeIgniter->handleRequest(null, Object(Config\Cache), false)
 9 FCPATH\index.php(67): CodeIgniter\CodeIgniter->run()
CRITICAL - 2024-05-26 23:12:30 --> Undefined variable $categorias
in APPPATH\Views\GestionProductos.php on line 13.
 1 APPPATH\Views\GestionProductos.php(13): CodeIgniter\Debug\Exceptions->errorHandler(2, 'Undefined variable $categorias', 'APPPATH\\Views\\GestionProductos.php', 13)
 2 SYSTEMPATH\View\View.php(213): include('APPPATH\\Views\\GestionProductos.php')
 3 SYSTEMPATH\View\View.php(216): CodeIgniter\View\View->CodeIgniter\View\{closure}()
 4 SYSTEMPATH\Common.php(1184): CodeIgniter\View\View->render('GestionProductos', [], true)
 5 APPPATH\Controllers\Producto_controller.php(31): view('GestionProductos')
 6 SYSTEMPATH\CodeIgniter.php(934): App\Controllers\Producto_controller->gestion()
 7 SYSTEMPATH\CodeIgniter.php(499): CodeIgniter\CodeIgniter->runController(Object(App\Controllers\Producto_controller))
 8 SYSTEMPATH\CodeIgniter.php(368): CodeIgniter\CodeIgniter->handleRequest(null, Object(Config\Cache), false)
 9 FCPATH\index.php(67): CodeIgniter\CodeIgniter->run()
CRITICAL - 2024-05-26 23:20:07 --> Undefined variable $categorias
in APPPATH\Views\GestionProductos.php on line 13.
 1 APPPATH\Views\GestionProductos.php(13): CodeIgniter\Debug\Exceptions->errorHandler(2, 'Undefined variable $categorias', 'APPPATH\\Views\\GestionProductos.php', 13)
 2 SYSTEMPATH\View\View.php(213): include('APPPATH\\Views\\GestionProductos.php')
 3 SYSTEMPATH\View\View.php(216): CodeIgniter\View\View->CodeIgniter\View\{closure}()
 4 SYSTEMPATH\Common.php(1184): CodeIgniter\View\View->render('GestionProductos', [], true)
 5 APPPATH\Controllers\Producto_controller.php(31): view('GestionProductos')
 6 SYSTEMPATH\CodeIgniter.php(934): App\Controllers\Producto_controller->gestion()
 7 SYSTEMPATH\CodeIgniter.php(499): CodeIgniter\CodeIgniter->runController(Object(App\Controllers\Producto_controller))
 8 SYSTEMPATH\CodeIgniter.php(368): CodeIgniter\CodeIgniter->handleRequest(null, Object(Config\Cache), false)
 9 FCPATH\index.php(67): CodeIgniter\CodeIgniter->run()
CRITICAL - 2024-05-26 23:26:49 --> Undefined variable $categorias
in APPPATH\Views\GestionProductos.php on line 13.
 1 APPPATH\Views\GestionProductos.php(13): CodeIgniter\Debug\Exceptions->errorHandler(2, 'Undefined variable $categorias', 'APPPATH\\Views\\GestionProductos.php', 13)
 2 SYSTEMPATH\View\View.php(213): include('APPPATH\\Views\\GestionProductos.php')
 3 SYSTEMPATH\View\View.php(216): CodeIgniter\View\View->CodeIgniter\View\{closure}()
 4 SYSTEMPATH\Common.php(1184): CodeIgniter\View\View->render('GestionProductos', [], true)
 5 APPPATH\Controllers\Producto_controller.php(31): view('GestionProductos')
 6 SYSTEMPATH\CodeIgniter.php(934): App\Controllers\Producto_controller->gestion()
 7 SYSTEMPATH\CodeIgniter.php(499): CodeIgniter\CodeIgniter->runController(Object(App\Controllers\Producto_controller))
 8 SYSTEMPATH\CodeIgniter.php(368): CodeIgniter\CodeIgniter->handleRequest(null, Object(Config\Cache), false)
 9 FCPATH\index.php(67): CodeIgniter\CodeIgniter->run()
CRITICAL - 2024-05-26 23:27:52 --> Undefined variable $categorias
in APPPATH\Views\GestionProductos.php on line 13.
 1 APPPATH\Views\GestionProductos.php(13): CodeIgniter\Debug\Exceptions->errorHandler(2, 'Undefined variable $categorias', 'APPPATH\\Views\\GestionProductos.php', 13)
 2 SYSTEMPATH\View\View.php(213): include('APPPATH\\Views\\GestionProductos.php')
 3 SYSTEMPATH\View\View.php(216): CodeIgniter\View\View->CodeIgniter\View\{closure}()
 4 SYSTEMPATH\Common.php(1184): CodeIgniter\View\View->render('GestionProductos', [], true)
 5 APPPATH\Controllers\Producto_controller.php(31): view('GestionProductos')
 6 SYSTEMPATH\CodeIgniter.php(934): App\Controllers\Producto_controller->gestion()
 7 SYSTEMPATH\CodeIgniter.php(499): CodeIgniter\CodeIgniter->runController(Object(App\Controllers\Producto_controller))
 8 SYSTEMPATH\CodeIgniter.php(368): CodeIgniter\CodeIgniter->handleRequest(null, Object(Config\Cache), false)
 9 FCPATH\index.php(67): CodeIgniter\CodeIgniter->run()
CRITICAL - 2024-05-26 23:27:58 --> Undefined variable $categorias
in APPPATH\Views\GestionProductos.php on line 13.
 1 APPPATH\Views\GestionProductos.php(13): CodeIgniter\Debug\Exceptions->errorHandler(2, 'Undefined variable $categorias', 'APPPATH\\Views\\GestionProductos.php', 13)
 2 SYSTEMPATH\View\View.php(213): include('APPPATH\\Views\\GestionProductos.php')
 3 SYSTEMPATH\View\View.php(216): CodeIgniter\View\View->CodeIgniter\View\{closure}()
 4 SYSTEMPATH\Common.php(1184): CodeIgniter\View\View->render('GestionProductos', [], true)
 5 APPPATH\Controllers\Producto_controller.php(31): view('GestionProductos')
 6 SYSTEMPATH\CodeIgniter.php(934): App\Controllers\Producto_controller->gestion()
 7 SYSTEMPATH\CodeIgniter.php(499): CodeIgniter\CodeIgniter->runController(Object(App\Controllers\Producto_controller))
 8 SYSTEMPATH\CodeIgniter.php(368): CodeIgniter\CodeIgniter->handleRequest(null, Object(Config\Cache), false)
 9 FCPATH\index.php(67): CodeIgniter\CodeIgniter->run()
CRITICAL - 2024-05-26 23:28:31 --> Undefined variable $categorias
in APPPATH\Views\GestionProductos.php on line 13.
 1 APPPATH\Views\GestionProductos.php(13): CodeIgniter\Debug\Exceptions->errorHandler(2, 'Undefined variable $categorias', 'APPPATH\\Views\\GestionProductos.php', 13)
 2 SYSTEMPATH\View\View.php(213): include('APPPATH\\Views\\GestionProductos.php')
 3 SYSTEMPATH\View\View.php(216): CodeIgniter\View\View->CodeIgniter\View\{closure}()
 4 SYSTEMPATH\Common.php(1184): CodeIgniter\View\View->render('GestionProductos', [], true)
 5 APPPATH\Controllers\Producto_controller.php(31): view('GestionProductos')
 6 SYSTEMPATH\CodeIgniter.php(934): App\Controllers\Producto_controller->gestion()
 7 SYSTEMPATH\CodeIgniter.php(499): CodeIgniter\CodeIgniter->runController(Object(App\Controllers\Producto_controller))
 8 SYSTEMPATH\CodeIgniter.php(368): CodeIgniter\CodeIgniter->handleRequest(null, Object(Config\Cache), false)
 9 FCPATH\index.php(67): CodeIgniter\CodeIgniter->run()
